25-12-26 16:45:07.310 - INFO:   name: ct_denoise
  phase: train
  gpu_ids: [0]
  path:[
    log: experiments/ct_denoise_251226_164507/logs
    tb_logger: experiments/ct_denoise_251226_164507/tb_logger
    results: experiments/ct_denoise_251226_164507/results
    checkpoint: experiments/ct_denoise_251226_164507/checkpoint
    resume_state: None
    experiments_root: experiments/ct_denoise_251226_164507
  ]
  datasets:[
    train:[
      name: ct
      dataroot: /host/d/file/fixedCT_static_simulation_train_test_gaussian_local.xlsx
      data_root: /host/d/file/simulation/
      train_batches: [5]
      val_batches: [5]
      valid_mask: [0, 1000]
      slice_range: [30, 80]
      phase: train
      padding: 3
      val_volume_idx: all
      val_slice_idx: all
      batch_size: 1
      in_channel: 1
      num_workers: 4
      use_shuffle: True
      image_size: 512
      lr_flip: 0.5
      HU_MIN: -1000.0
      HU_MAX: 2000.0
      histogram_equalization: True
      bins_file: /host/d/file/histogram_equalization/bins.npy
      bins_mapped_file: /host/d/file/histogram_equalization/bins_mapped.npy
      teacher_n2n_root: /host/d/file/pre/noise2noise/pred_images/
      teacher_n2n_epoch: 78
    ]
    val:[
      name: ct
      dataroot: /host/d/file/fixedCT_static_simulation_train_test_gaussian_local.xlsx
      data_root: /host/d/file/simulation/
      train_batches: [5]
      val_batches: [5]
      valid_mask: [0, 1000]
      slice_range: [30, 80]
      phase: val
      padding: 3
      val_volume_idx: 8
      val_slice_idx: [25]
      batch_size: 1
      in_channel: 1
      num_workers: 0
      image_size: 512
      lr_flip: 0.0
      HU_MIN: -1000.0
      HU_MAX: 2000.0
      histogram_equalization: True
      bins_file: /host/d/file/histogram_equalization/bins.npy
      bins_mapped_file: /host/d/file/histogram_equalization/bins_mapped.npy
      teacher_n2n_root: /host/d/file/pre/noise2noise/pred_images/
      teacher_n2n_epoch: 78
      data_len: 3
    ]
  ]
  model:[
    which_model_G: mri
    finetune_norm: False
    drop_rate: 0.0
    unet:[
      in_channel: 1
      out_channel: 1
      inner_channel: 32
      norm_groups: 32
      channel_multiplier: [1, 2, 4, 8, 8]
      attn_res: [16]
      res_blocks: 2
      dropout: 0.0
      version: v1
    ]
    beta_schedule:[
      train:[
        schedule: rev_warmup70
        n_timestep: 1000
        linear_start: 5e-05
        linear_end: 0.01
      ]
      val:[
        schedule: rev_warmup70
        n_timestep: 1000
        linear_start: 5e-05
        linear_end: 0.01
      ]
    ]
    diffusion:[
      image_size: 512
      channels: 1
      conditional: True
    ]
  ]
  train:[
    n_iter: 100000
    val_freq: 1000
    save_checkpoint_freq: 10000
    print_freq: 100
    optimizer:[
      type: adam
      lr: 0.0001
    ]
    ema_scheduler:[
      step_start_ema: 5000
      update_ema_every: 1
      ema_decay: 0.9999
    ]
  ]
  noise_model:[
    resume_state: None
    initial_stage_file: None
    drop_rate: 0.0
    unet:[
      in_channel: 2
      out_channel: 1
      inner_channel: 32
      norm_groups: 32
      channel_multiplier: [1, 2, 4, 8, 8]
      attn_res: [16]
      res_blocks: 2
      dropout: 0.0
      version: v1
    ]
    beta_schedule:[
      linear_start: 5e-05
      linear_end: 0.01
    ]
    n_iter: 50000
    val_freq: 2000
    save_checkpoint_freq: 10000
    print_freq: 100
    optimizer:[
      type: adam
      lr: 0.0001
    ]
  ]
  stage2_file: experiments/ct_denoise_teacher/stage2_matched.txt
  distributed: False

25-12-26 16:45:10.140 - INFO: CT dataset [ct] is created. Size: 50
25-12-26 16:45:12.517 - INFO: CT dataset [ct] is created. Size: 1
25-12-26 16:45:12.518 - INFO: Initial Dataset Finished
25-12-26 16:45:14.585 - INFO: Initialization method [orthogonal]
25-12-26 16:45:15.244 - INFO: [DDM2] is created.
25-12-26 16:45:15.245 - INFO: Initial Model Finished
25-12-26 16:45:49.040 - INFO: <epoch:  2, iter:     100> l_pix: 1.7372e-02 
25-12-26 16:46:07.860 - INFO: <epoch:  4, iter:     200> l_pix: 6.4049e-03 
25-12-26 16:46:24.545 - INFO: <epoch:  6, iter:     300> l_pix: 1.8697e-02 
25-12-26 16:46:43.352 - INFO: <epoch:  8, iter:     400> l_pix: 9.7824e-03 
25-12-26 16:47:00.036 - INFO: <epoch: 10, iter:     500> l_pix: 3.5327e-03 
25-12-26 16:47:19.071 - INFO: <epoch: 12, iter:     600> l_pix: 6.5339e-03 
25-12-26 16:47:35.801 - INFO: <epoch: 14, iter:     700> l_pix: 1.6546e-02 
25-12-26 16:47:54.730 - INFO: <epoch: 16, iter:     800> l_pix: 1.5813e-02 
25-12-26 16:48:13.733 - INFO: <epoch: 18, iter:     900> l_pix: 9.4373e-03 
25-12-26 16:48:30.568 - INFO: <epoch: 20, iter:   1,000> l_pix: 1.3417e-02 
25-12-26 16:49:02.669 - INFO: <epoch: 22, iter:   1,100> l_pix: 5.5520e-03 
25-12-26 16:49:21.755 - INFO: <epoch: 24, iter:   1,200> l_pix: 8.0740e-03 
25-12-26 16:49:39.410 - INFO: <epoch: 26, iter:   1,300> l_pix: 2.4048e-03 
25-12-26 16:49:58.938 - INFO: <epoch: 28, iter:   1,400> l_pix: 2.2350e-03 
25-12-26 16:50:15.960 - INFO: <epoch: 30, iter:   1,500> l_pix: 2.3886e-03 
25-12-26 16:50:35.263 - INFO: <epoch: 32, iter:   1,600> l_pix: 7.8794e-03 
25-12-26 16:50:54.358 - INFO: <epoch: 34, iter:   1,700> l_pix: 4.3833e-03 
25-12-26 16:51:11.286 - INFO: <epoch: 36, iter:   1,800> l_pix: 2.2490e-03 
25-12-26 16:51:29.132 - INFO: <epoch: 38, iter:   1,900> l_pix: 6.5771e-03 
25-12-26 16:51:48.658 - INFO: <epoch: 40, iter:   2,000> l_pix: 3.5449e-03 
25-12-26 16:52:14.215 - INFO: <epoch: 42, iter:   2,100> l_pix: 1.5030e-03 
25-12-26 16:52:33.838 - INFO: <epoch: 44, iter:   2,200> l_pix: 2.1480e-03 
25-12-26 16:52:51.130 - INFO: <epoch: 46, iter:   2,300> l_pix: 6.2787e-03 
25-12-26 16:53:10.899 - INFO: <epoch: 48, iter:   2,400> l_pix: 3.6634e-03 
25-12-26 16:53:28.678 - INFO: <epoch: 50, iter:   2,500> l_pix: 6.2695e-03 
25-12-26 16:53:48.641 - INFO: <epoch: 52, iter:   2,600> l_pix: 4.0713e-03 
25-12-26 16:54:08.183 - INFO: <epoch: 54, iter:   2,700> l_pix: 2.1532e-03 
25-12-26 16:54:25.161 - INFO: <epoch: 56, iter:   2,800> l_pix: 2.1566e-03 
25-12-26 16:54:45.736 - INFO: <epoch: 58, iter:   2,900> l_pix: 3.9685e-03 
25-12-26 16:55:03.108 - INFO: <epoch: 60, iter:   3,000> l_pix: 1.6339e-03 
25-12-26 16:55:30.921 - INFO: <epoch: 62, iter:   3,100> l_pix: 1.9738e-03 
25-12-26 16:55:50.754 - INFO: <epoch: 64, iter:   3,200> l_pix: 4.4528e-03 
25-12-26 16:56:07.851 - INFO: <epoch: 66, iter:   3,300> l_pix: 4.9226e-03 
25-12-26 16:56:26.063 - INFO: <epoch: 68, iter:   3,400> l_pix: 3.2415e-03 
25-12-26 16:56:45.447 - INFO: <epoch: 70, iter:   3,500> l_pix: 4.6175e-03 
25-12-26 16:57:03.353 - INFO: <epoch: 72, iter:   3,600> l_pix: 3.4179e-03 
25-12-26 16:57:22.827 - INFO: <epoch: 74, iter:   3,700> l_pix: 3.1387e-03 
25-12-26 16:57:39.501 - INFO: <epoch: 76, iter:   3,800> l_pix: 4.1111e-03 
25-12-26 16:57:59.265 - INFO: <epoch: 78, iter:   3,900> l_pix: 1.7560e-03 
25-12-26 16:58:15.956 - INFO: <epoch: 80, iter:   4,000> l_pix: 2.1078e-03 
25-12-26 16:58:44.038 - INFO: <epoch: 82, iter:   4,100> l_pix: 3.8620e-03 
25-12-26 16:59:03.336 - INFO: <epoch: 84, iter:   4,200> l_pix: 2.5127e-03 
25-12-26 16:59:20.435 - INFO: <epoch: 86, iter:   4,300> l_pix: 1.8463e-03 
25-12-26 16:59:39.802 - INFO: <epoch: 88, iter:   4,400> l_pix: 4.2148e-03 
25-12-26 16:59:56.895 - INFO: <epoch: 90, iter:   4,500> l_pix: 1.6196e-03 
25-12-26 17:00:16.327 - INFO: <epoch: 92, iter:   4,600> l_pix: 2.1326e-03 
25-12-26 17:00:35.792 - INFO: <epoch: 94, iter:   4,700> l_pix: 1.8056e-03 
25-12-26 17:00:53.823 - INFO: <epoch: 96, iter:   4,800> l_pix: 3.9468e-03 
25-12-26 17:01:14.877 - INFO: <epoch: 98, iter:   4,900> l_pix: 2.0443e-03 
25-12-26 17:01:33.207 - INFO: <epoch:100, iter:   5,000> l_pix: 3.3436e-03 
25-12-26 17:02:03.100 - INFO: <epoch:102, iter:   5,100> l_pix: 3.0496e-03 
25-12-26 17:02:22.892 - INFO: <epoch:104, iter:   5,200> l_pix: 3.2237e-03 
25-12-26 17:02:39.973 - INFO: <epoch:106, iter:   5,300> l_pix: 1.3657e-03 
25-12-26 17:02:59.586 - INFO: <epoch:108, iter:   5,400> l_pix: 2.3907e-03 
25-12-26 17:03:26.344 - INFO: <epoch:110, iter:   5,500> l_pix: 1.2354e-03 
25-12-26 17:03:44.377 - INFO: <epoch:112, iter:   5,600> l_pix: 1.9395e-03 
25-12-26 17:04:03.608 - INFO: <epoch:114, iter:   5,700> l_pix: 3.4050e-03 
25-12-26 17:04:22.768 - INFO: <epoch:116, iter:   5,800> l_pix: 2.0504e-03 
25-12-26 17:04:39.820 - INFO: <epoch:118, iter:   5,900> l_pix: 2.8757e-03 
25-12-26 17:04:59.122 - INFO: <epoch:120, iter:   6,000> l_pix: 3.1604e-03 
25-12-26 17:05:26.285 - INFO: <epoch:122, iter:   6,100> l_pix: 1.4420e-03 
25-12-26 17:05:43.329 - INFO: <epoch:124, iter:   6,200> l_pix: 1.2902e-03 
25-12-26 17:06:02.632 - INFO: <epoch:126, iter:   6,300> l_pix: 1.3362e-03 
25-12-26 17:06:19.679 - INFO: <epoch:128, iter:   6,400> l_pix: 2.0623e-03 
25-12-26 17:06:39.020 - INFO: <epoch:130, iter:   6,500> l_pix: 1.2686e-03 
25-12-26 17:06:55.899 - INFO: <epoch:132, iter:   6,600> l_pix: 2.5768e-03 
25-12-26 17:07:15.289 - INFO: <epoch:134, iter:   6,700> l_pix: 1.4529e-03 
25-12-26 17:07:32.222 - INFO: <epoch:136, iter:   6,800> l_pix: 1.3242e-03 
25-12-26 17:07:51.970 - INFO: <epoch:138, iter:   6,900> l_pix: 1.7784e-03 
25-12-26 17:08:10.945 - INFO: <epoch:140, iter:   7,000> l_pix: 2.2635e-03 
25-12-26 17:08:36.133 - INFO: <epoch:142, iter:   7,100> l_pix: 2.9091e-03 
25-12-26 17:08:55.374 - INFO: <epoch:144, iter:   7,200> l_pix: 1.7947e-03 
25-12-26 17:09:14.865 - INFO: <epoch:146, iter:   7,300> l_pix: 1.8683e-03 
25-12-26 17:09:32.381 - INFO: <epoch:148, iter:   7,400> l_pix: 1.1971e-03 
25-12-26 17:09:50.914 - INFO: <epoch:150, iter:   7,500> l_pix: 2.5421e-03 
25-12-26 17:10:08.577 - INFO: <epoch:152, iter:   7,600> l_pix: 2.2510e-03 
25-12-26 17:10:27.570 - INFO: <epoch:154, iter:   7,700> l_pix: 1.7961e-03 
25-12-26 17:10:46.227 - INFO: <epoch:156, iter:   7,800> l_pix: 2.6926e-03 
25-12-26 17:11:04.026 - INFO: <epoch:158, iter:   7,900> l_pix: 2.6600e-03 
25-12-26 17:11:22.637 - INFO: <epoch:160, iter:   8,000> l_pix: 2.5111e-03 
25-12-26 17:11:49.590 - INFO: <epoch:162, iter:   8,100> l_pix: 1.8863e-03 
25-12-26 17:12:07.403 - INFO: <epoch:164, iter:   8,200> l_pix: 3.1273e-03 
25-12-26 17:12:26.429 - INFO: <epoch:166, iter:   8,300> l_pix: 1.3555e-03 
25-12-26 17:12:44.359 - INFO: <epoch:168, iter:   8,400> l_pix: 2.9261e-03 
25-12-26 17:13:02.460 - INFO: <epoch:170, iter:   8,500> l_pix: 2.2268e-03 
25-12-26 17:13:21.138 - INFO: <epoch:172, iter:   8,600> l_pix: 1.5783e-03 
25-12-26 17:13:39.092 - INFO: <epoch:174, iter:   8,700> l_pix: 1.7269e-03 
25-12-26 17:13:57.498 - INFO: <epoch:176, iter:   8,800> l_pix: 2.9537e-03 
25-12-26 17:14:15.342 - INFO: <epoch:178, iter:   8,900> l_pix: 2.5296e-03 
25-12-26 17:14:33.906 - INFO: <epoch:180, iter:   9,000> l_pix: 2.0155e-03 
25-12-26 17:15:00.950 - INFO: <epoch:182, iter:   9,100> l_pix: 1.5693e-03 
25-12-26 17:15:19.361 - INFO: <epoch:184, iter:   9,200> l_pix: 1.4092e-03 
25-12-26 17:15:37.179 - INFO: <epoch:186, iter:   9,300> l_pix: 2.5800e-03 
25-12-26 17:15:55.698 - INFO: <epoch:188, iter:   9,400> l_pix: 2.2008e-03 
25-12-26 17:16:13.594 - INFO: <epoch:190, iter:   9,500> l_pix: 1.1760e-03 
25-12-26 17:16:32.252 - INFO: <epoch:192, iter:   9,600> l_pix: 2.1640e-03 
25-12-26 17:16:50.160 - INFO: <epoch:194, iter:   9,700> l_pix: 1.9716e-03 
25-12-26 17:17:08.892 - INFO: <epoch:196, iter:   9,800> l_pix: 1.7175e-03 
25-12-26 17:17:27.441 - INFO: <epoch:198, iter:   9,900> l_pix: 2.0313e-03 
25-12-26 17:17:45.377 - INFO: <epoch:200, iter:  10,000> l_pix: 1.2353e-03 
25-12-26 17:17:54.390 - INFO: Saving models and training states.
25-12-26 17:17:59.384 - INFO: Saved model in [experiments/ct_denoise_251226_164507/checkpoint/latest_gen.pth] ...
25-12-26 17:18:17.406 - INFO: <epoch:202, iter:  10,100> l_pix: 1.6489e-03 
25-12-26 17:18:35.771 - INFO: <epoch:204, iter:  10,200> l_pix: 2.3197e-03 
25-12-26 17:18:54.153 - INFO: <epoch:206, iter:  10,300> l_pix: 2.3405e-03 
25-12-26 17:19:12.295 - INFO: <epoch:208, iter:  10,400> l_pix: 1.3613e-03 
25-12-26 17:19:30.668 - INFO: <epoch:210, iter:  10,500> l_pix: 2.6761e-03 
25-12-26 17:19:48.504 - INFO: <epoch:212, iter:  10,600> l_pix: 1.1706e-03 
25-12-26 17:20:06.923 - INFO: <epoch:214, iter:  10,700> l_pix: 1.6353e-03 
25-12-26 17:20:25.589 - INFO: <epoch:216, iter:  10,800> l_pix: 1.5050e-03 
25-12-26 17:20:43.499 - INFO: <epoch:218, iter:  10,900> l_pix: 1.8015e-03 
25-12-26 17:21:02.142 - INFO: <epoch:220, iter:  11,000> l_pix: 1.3049e-03 
25-12-26 17:21:28.881 - INFO: <epoch:222, iter:  11,100> l_pix: 1.7260e-03 
25-12-26 17:21:46.935 - INFO: <epoch:224, iter:  11,200> l_pix: 1.5347e-03 
25-12-26 17:22:05.537 - INFO: <epoch:226, iter:  11,300> l_pix: 2.0107e-03 
25-12-26 17:22:23.483 - INFO: <epoch:228, iter:  11,400> l_pix: 1.2289e-03 
25-12-26 17:22:41.960 - INFO: <epoch:230, iter:  11,500> l_pix: 1.6932e-03 
25-12-26 17:23:00.544 - INFO: <epoch:232, iter:  11,600> l_pix: 2.5851e-03 
25-12-26 17:23:18.506 - INFO: <epoch:234, iter:  11,700> l_pix: 1.2014e-03 
25-12-26 17:23:36.911 - INFO: <epoch:236, iter:  11,800> l_pix: 2.1395e-03 
25-12-26 17:23:54.695 - INFO: <epoch:238, iter:  11,900> l_pix: 2.9303e-03 
25-12-26 17:24:13.264 - INFO: <epoch:240, iter:  12,000> l_pix: 1.7583e-03 
25-12-26 17:24:40.336 - INFO: <epoch:242, iter:  12,100> l_pix: 1.9829e-03 
25-12-26 17:24:58.353 - INFO: <epoch:244, iter:  12,200> l_pix: 1.2007e-03 
25-12-26 17:25:16.834 - INFO: <epoch:246, iter:  12,300> l_pix: 1.1912e-03 
25-12-26 17:25:35.125 - INFO: <epoch:248, iter:  12,400> l_pix: 1.2343e-03 
25-12-26 17:25:53.115 - INFO: <epoch:250, iter:  12,500> l_pix: 1.6124e-03 
25-12-26 17:26:11.656 - INFO: <epoch:252, iter:  12,600> l_pix: 1.5145e-03 
25-12-26 17:26:29.554 - INFO: <epoch:254, iter:  12,700> l_pix: 1.9372e-03 
25-12-26 17:26:48.241 - INFO: <epoch:256, iter:  12,800> l_pix: 1.3259e-03 
25-12-26 17:27:06.759 - INFO: <epoch:258, iter:  12,900> l_pix: 1.6752e-03 
25-12-26 17:27:24.811 - INFO: <epoch:260, iter:  13,000> l_pix: 1.5582e-03 
25-12-26 17:27:51.706 - INFO: <epoch:262, iter:  13,100> l_pix: 1.8532e-03 
25-12-26 17:28:10.177 - INFO: <epoch:264, iter:  13,200> l_pix: 1.5801e-03 
25-12-26 17:28:28.534 - INFO: <epoch:266, iter:  13,300> l_pix: 2.0452e-03 
25-12-26 17:28:46.847 - INFO: <epoch:268, iter:  13,400> l_pix: 1.1734e-03 
25-12-26 17:29:05.345 - INFO: <epoch:270, iter:  13,500> l_pix: 2.4514e-03 
25-12-26 17:29:23.504 - INFO: <epoch:272, iter:  13,600> l_pix: 1.7399e-03 
25-12-26 17:29:42.101 - INFO: <epoch:274, iter:  13,700> l_pix: 2.7321e-03 
25-12-26 17:30:00.301 - INFO: <epoch:276, iter:  13,800> l_pix: 1.5905e-03 
25-12-26 17:30:18.646 - INFO: <epoch:278, iter:  13,900> l_pix: 1.7056e-03 
25-12-26 17:30:37.311 - INFO: <epoch:280, iter:  14,000> l_pix: 1.9898e-03 
25-12-26 17:31:04.152 - INFO: <epoch:282, iter:  14,100> l_pix: 2.1531e-03 
25-12-26 17:31:22.594 - INFO: <epoch:284, iter:  14,200> l_pix: 1.9679e-03 
25-12-26 17:31:40.792 - INFO: <epoch:286, iter:  14,300> l_pix: 1.7536e-03 
25-12-26 17:31:59.029 - INFO: <epoch:288, iter:  14,400> l_pix: 1.5682e-03 
25-12-26 17:32:17.649 - INFO: <epoch:290, iter:  14,500> l_pix: 1.3751e-03 
25-12-26 17:32:35.855 - INFO: <epoch:292, iter:  14,600> l_pix: 1.6724e-03 
25-12-26 17:32:54.292 - INFO: <epoch:294, iter:  14,700> l_pix: 1.4446e-03 
25-12-26 17:33:12.722 - INFO: <epoch:296, iter:  14,800> l_pix: 1.2313e-03 
25-12-26 17:33:31.011 - INFO: <epoch:298, iter:  14,900> l_pix: 1.5585e-03 
25-12-26 17:33:49.300 - INFO: <epoch:300, iter:  15,000> l_pix: 1.6721e-03 
25-12-26 17:34:16.301 - INFO: <epoch:302, iter:  15,100> l_pix: 1.3539e-03 
25-12-26 17:34:34.616 - INFO: <epoch:304, iter:  15,200> l_pix: 2.2582e-03 
25-12-26 17:34:53.096 - INFO: <epoch:306, iter:  15,300> l_pix: 1.3513e-03 
25-12-26 17:35:11.400 - INFO: <epoch:308, iter:  15,400> l_pix: 1.4582e-03 
25-12-26 17:35:29.716 - INFO: <epoch:310, iter:  15,500> l_pix: 1.3219e-03 
25-12-26 17:35:47.997 - INFO: <epoch:312, iter:  15,600> l_pix: 1.7496e-03 
25-12-26 17:36:06.361 - INFO: <epoch:314, iter:  15,700> l_pix: 1.0713e-03 
25-12-26 17:36:24.650 - INFO: <epoch:316, iter:  15,800> l_pix: 1.4503e-03 
25-12-26 17:36:42.932 - INFO: <epoch:318, iter:  15,900> l_pix: 1.4853e-03 
25-12-26 17:37:01.180 - INFO: <epoch:320, iter:  16,000> l_pix: 1.5216e-03 
25-12-26 17:37:28.226 - INFO: <epoch:322, iter:  16,100> l_pix: 1.2770e-03 
25-12-26 17:37:46.488 - INFO: <epoch:324, iter:  16,200> l_pix: 1.4083e-03 
25-12-26 17:38:04.794 - INFO: <epoch:326, iter:  16,300> l_pix: 1.5210e-03 
25-12-26 17:38:23.136 - INFO: <epoch:328, iter:  16,400> l_pix: 1.5845e-03 
25-12-26 17:38:41.504 - INFO: <epoch:330, iter:  16,500> l_pix: 1.2598e-03 
25-12-26 17:38:59.762 - INFO: <epoch:332, iter:  16,600> l_pix: 1.1682e-03 
25-12-26 17:39:18.066 - INFO: <epoch:334, iter:  16,700> l_pix: 1.7998e-03 
25-12-26 17:39:36.535 - INFO: <epoch:336, iter:  16,800> l_pix: 1.2499e-03 
25-12-26 17:39:54.941 - INFO: <epoch:338, iter:  16,900> l_pix: 1.5668e-03 
25-12-26 17:40:13.371 - INFO: <epoch:340, iter:  17,000> l_pix: 1.1907e-03 
25-12-26 17:40:40.331 - INFO: <epoch:342, iter:  17,100> l_pix: 1.6078e-03 
25-12-26 17:40:58.567 - INFO: <epoch:344, iter:  17,200> l_pix: 1.6008e-03 
25-12-26 17:41:16.898 - INFO: <epoch:346, iter:  17,300> l_pix: 1.2306e-03 
25-12-26 17:41:35.200 - INFO: <epoch:348, iter:  17,400> l_pix: 1.7153e-03 
25-12-26 17:41:53.537 - INFO: <epoch:350, iter:  17,500> l_pix: 1.6835e-03 
25-12-26 17:42:11.811 - INFO: <epoch:352, iter:  17,600> l_pix: 1.7202e-03 
25-12-26 17:42:30.188 - INFO: <epoch:354, iter:  17,700> l_pix: 1.5072e-03 
25-12-26 17:42:48.629 - INFO: <epoch:356, iter:  17,800> l_pix: 1.3788e-03 
25-12-26 17:43:06.932 - INFO: <epoch:358, iter:  17,900> l_pix: 1.5054e-03 
25-12-26 17:43:25.326 - INFO: <epoch:360, iter:  18,000> l_pix: 1.1587e-03 
25-12-26 17:43:52.350 - INFO: <epoch:362, iter:  18,100> l_pix: 1.3429e-03 
25-12-26 17:44:10.680 - INFO: <epoch:364, iter:  18,200> l_pix: 1.3404e-03 
25-12-26 17:44:29.019 - INFO: <epoch:366, iter:  18,300> l_pix: 1.2362e-03 
25-12-26 17:44:47.371 - INFO: <epoch:368, iter:  18,400> l_pix: 1.2847e-03 
25-12-26 17:45:05.740 - INFO: <epoch:370, iter:  18,500> l_pix: 1.9061e-03 
25-12-26 17:45:24.160 - INFO: <epoch:372, iter:  18,600> l_pix: 1.4099e-03 
25-12-26 17:45:42.622 - INFO: <epoch:374, iter:  18,700> l_pix: 1.3516e-03 
25-12-26 17:46:00.946 - INFO: <epoch:376, iter:  18,800> l_pix: 1.4785e-03 
25-12-26 17:46:19.250 - INFO: <epoch:378, iter:  18,900> l_pix: 1.6959e-03 
25-12-26 17:46:37.611 - INFO: <epoch:380, iter:  19,000> l_pix: 1.5316e-03 
25-12-26 17:47:04.575 - INFO: <epoch:382, iter:  19,100> l_pix: 1.1304e-03 
25-12-26 17:47:22.938 - INFO: <epoch:384, iter:  19,200> l_pix: 1.4639e-03 
25-12-26 17:47:41.274 - INFO: <epoch:386, iter:  19,300> l_pix: 1.2774e-03 
25-12-26 17:47:59.640 - INFO: <epoch:388, iter:  19,400> l_pix: 1.1575e-03 
25-12-26 17:48:18.087 - INFO: <epoch:390, iter:  19,500> l_pix: 1.1289e-03 
25-12-26 17:48:36.314 - INFO: <epoch:392, iter:  19,600> l_pix: 1.6879e-03 
25-12-26 17:48:54.677 - INFO: <epoch:394, iter:  19,700> l_pix: 1.6637e-03 
25-12-26 17:49:13.030 - INFO: <epoch:396, iter:  19,800> l_pix: 1.2869e-03 
25-12-26 17:49:31.474 - INFO: <epoch:398, iter:  19,900> l_pix: 1.2873e-03 
25-12-26 17:49:49.766 - INFO: <epoch:400, iter:  20,000> l_pix: 1.3880e-03 
25-12-26 17:49:58.379 - INFO: Saving models and training states.
25-12-26 17:50:03.612 - INFO: Saved model in [experiments/ct_denoise_251226_164507/checkpoint/latest_gen.pth] ...
25-12-26 17:50:22.090 - INFO: <epoch:402, iter:  20,100> l_pix: 1.3270e-03 
25-12-26 17:50:40.462 - INFO: <epoch:404, iter:  20,200> l_pix: 1.3517e-03 
25-12-26 17:50:58.787 - INFO: <epoch:406, iter:  20,300> l_pix: 1.3323e-03 
25-12-26 17:51:17.006 - INFO: <epoch:408, iter:  20,400> l_pix: 1.5008e-03 
25-12-26 17:51:35.297 - INFO: <epoch:410, iter:  20,500> l_pix: 1.1504e-03 
25-12-26 17:51:53.548 - INFO: <epoch:412, iter:  20,600> l_pix: 1.1808e-03 
25-12-26 17:52:11.937 - INFO: <epoch:414, iter:  20,700> l_pix: 1.1856e-03 
25-12-26 17:52:30.208 - INFO: <epoch:416, iter:  20,800> l_pix: 1.6960e-03 
25-12-26 17:52:48.605 - INFO: <epoch:418, iter:  20,900> l_pix: 1.2306e-03 
25-12-26 17:53:06.944 - INFO: <epoch:420, iter:  21,000> l_pix: 1.6207e-03 
25-12-26 17:53:33.875 - INFO: <epoch:422, iter:  21,100> l_pix: 1.2403e-03 
25-12-26 17:53:52.196 - INFO: <epoch:424, iter:  21,200> l_pix: 1.4550e-03 
25-12-26 17:54:10.569 - INFO: <epoch:426, iter:  21,300> l_pix: 1.5042e-03 
25-12-26 17:54:28.885 - INFO: <epoch:428, iter:  21,400> l_pix: 1.2506e-03 
25-12-26 17:54:47.267 - INFO: <epoch:430, iter:  21,500> l_pix: 1.6222e-03 
25-12-26 17:55:05.524 - INFO: <epoch:432, iter:  21,600> l_pix: 1.4862e-03 
25-12-26 17:55:23.858 - INFO: <epoch:434, iter:  21,700> l_pix: 1.7222e-03 
25-12-26 17:55:42.217 - INFO: <epoch:436, iter:  21,800> l_pix: 1.2231e-03 
25-12-26 17:56:00.694 - INFO: <epoch:438, iter:  21,900> l_pix: 1.0377e-03 
25-12-26 17:56:19.070 - INFO: <epoch:440, iter:  22,000> l_pix: 1.5087e-03 
25-12-26 17:56:45.981 - INFO: <epoch:442, iter:  22,100> l_pix: 1.1446e-03 
25-12-26 17:57:04.244 - INFO: <epoch:444, iter:  22,200> l_pix: 1.2230e-03 
25-12-26 17:57:22.589 - INFO: <epoch:446, iter:  22,300> l_pix: 1.5811e-03 
25-12-26 17:57:40.984 - INFO: <epoch:448, iter:  22,400> l_pix: 1.3507e-03 
25-12-26 17:57:59.281 - INFO: <epoch:450, iter:  22,500> l_pix: 1.4476e-03 
25-12-26 17:58:17.692 - INFO: <epoch:452, iter:  22,600> l_pix: 1.5909e-03 
25-12-26 17:58:36.170 - INFO: <epoch:454, iter:  22,700> l_pix: 1.3881e-03 
25-12-26 17:58:54.539 - INFO: <epoch:456, iter:  22,800> l_pix: 1.1860e-03 
25-12-26 17:59:12.886 - INFO: <epoch:458, iter:  22,900> l_pix: 1.1559e-03 
25-12-26 17:59:31.180 - INFO: <epoch:460, iter:  23,000> l_pix: 1.0325e-03 
25-12-26 17:59:58.155 - INFO: <epoch:462, iter:  23,100> l_pix: 1.1077e-03 
25-12-26 18:00:16.623 - INFO: <epoch:464, iter:  23,200> l_pix: 1.5334e-03 
25-12-26 18:00:34.851 - INFO: <epoch:466, iter:  23,300> l_pix: 1.5551e-03 
25-12-26 18:00:53.197 - INFO: <epoch:468, iter:  23,400> l_pix: 1.5437e-03 
25-12-26 18:01:11.586 - INFO: <epoch:470, iter:  23,500> l_pix: 1.4748e-03 
25-12-26 18:01:29.896 - INFO: <epoch:472, iter:  23,600> l_pix: 1.4665e-03 
25-12-26 18:01:48.283 - INFO: <epoch:474, iter:  23,700> l_pix: 1.0390e-03 
25-12-26 18:02:06.589 - INFO: <epoch:476, iter:  23,800> l_pix: 1.4905e-03 
25-12-26 18:02:25.059 - INFO: <epoch:478, iter:  23,900> l_pix: 1.0291e-03 
25-12-26 18:02:43.381 - INFO: <epoch:480, iter:  24,000> l_pix: 9.8961e-04 
25-12-26 18:03:10.322 - INFO: <epoch:482, iter:  24,100> l_pix: 1.3632e-03 
25-12-26 18:03:28.782 - INFO: <epoch:484, iter:  24,200> l_pix: 1.1921e-03 
25-12-26 18:03:47.174 - INFO: <epoch:486, iter:  24,300> l_pix: 1.4811e-03 
25-12-26 18:04:05.563 - INFO: <epoch:488, iter:  24,400> l_pix: 9.5743e-04 
25-12-26 18:04:23.938 - INFO: <epoch:490, iter:  24,500> l_pix: 1.1448e-03 
25-12-26 18:04:42.275 - INFO: <epoch:492, iter:  24,600> l_pix: 1.5433e-03 
25-12-26 18:05:00.508 - INFO: <epoch:494, iter:  24,700> l_pix: 1.0988e-03 
25-12-26 18:05:18.925 - INFO: <epoch:496, iter:  24,800> l_pix: 1.4058e-03 
25-12-26 18:05:37.203 - INFO: <epoch:498, iter:  24,900> l_pix: 1.4060e-03 
25-12-26 18:05:55.616 - INFO: <epoch:500, iter:  25,000> l_pix: 1.2372e-03 
25-12-26 18:06:22.757 - INFO: <epoch:502, iter:  25,100> l_pix: 1.4000e-03 
25-12-26 18:06:41.174 - INFO: <epoch:504, iter:  25,200> l_pix: 1.4695e-03 
25-12-26 18:06:59.485 - INFO: <epoch:506, iter:  25,300> l_pix: 1.2390e-03 
25-12-26 18:07:17.751 - INFO: <epoch:508, iter:  25,400> l_pix: 1.4370e-03 
25-12-26 18:07:36.120 - INFO: <epoch:510, iter:  25,500> l_pix: 1.1403e-03 
25-12-26 18:07:54.446 - INFO: <epoch:512, iter:  25,600> l_pix: 1.0179e-03 
25-12-26 18:08:13.047 - INFO: <epoch:514, iter:  25,700> l_pix: 1.1435e-03 
25-12-26 18:08:31.773 - INFO: <epoch:516, iter:  25,800> l_pix: 1.0694e-03 
25-12-26 18:08:50.204 - INFO: <epoch:518, iter:  25,900> l_pix: 1.0041e-03 
25-12-26 18:09:08.543 - INFO: <epoch:520, iter:  26,000> l_pix: 1.3899e-03 
25-12-26 18:09:35.481 - INFO: <epoch:522, iter:  26,100> l_pix: 1.1387e-03 
25-12-26 18:09:53.866 - INFO: <epoch:524, iter:  26,200> l_pix: 1.7059e-03 
25-12-26 18:10:12.156 - INFO: <epoch:526, iter:  26,300> l_pix: 1.5356e-03 
25-12-26 18:10:30.583 - INFO: <epoch:528, iter:  26,400> l_pix: 1.1997e-03 
25-12-26 18:10:49.000 - INFO: <epoch:530, iter:  26,500> l_pix: 9.5932e-04 
25-12-26 18:11:07.270 - INFO: <epoch:532, iter:  26,600> l_pix: 1.2052e-03 
25-12-26 18:11:25.675 - INFO: <epoch:534, iter:  26,700> l_pix: 1.2187e-03 
25-12-26 18:11:44.129 - INFO: <epoch:536, iter:  26,800> l_pix: 1.7185e-03 
25-12-26 18:12:02.399 - INFO: <epoch:538, iter:  26,900> l_pix: 1.2787e-03 
25-12-26 18:12:20.972 - INFO: <epoch:540, iter:  27,000> l_pix: 1.4140e-03 
25-12-26 18:12:48.059 - INFO: <epoch:542, iter:  27,100> l_pix: 1.0561e-03 
25-12-26 18:13:06.371 - INFO: <epoch:544, iter:  27,200> l_pix: 1.4454e-03 
25-12-26 18:13:24.699 - INFO: <epoch:546, iter:  27,300> l_pix: 1.5535e-03 
25-12-26 18:13:43.001 - INFO: <epoch:548, iter:  27,400> l_pix: 1.1883e-03 
25-12-26 18:14:01.374 - INFO: <epoch:550, iter:  27,500> l_pix: 1.1264e-03 
25-12-26 18:14:20.709 - INFO: <epoch:552, iter:  27,600> l_pix: 1.3843e-03 
25-12-26 18:14:40.973 - INFO: <epoch:554, iter:  27,700> l_pix: 1.1631e-03 
25-12-26 18:14:59.217 - INFO: <epoch:556, iter:  27,800> l_pix: 1.1776e-03 
25-12-26 18:15:17.476 - INFO: <epoch:558, iter:  27,900> l_pix: 9.5417e-04 
25-12-26 18:15:35.870 - INFO: <epoch:560, iter:  28,000> l_pix: 1.1403e-03 
25-12-26 18:16:02.843 - INFO: <epoch:562, iter:  28,100> l_pix: 1.4043e-03 
25-12-26 18:16:21.189 - INFO: <epoch:564, iter:  28,200> l_pix: 1.0562e-03 
25-12-26 18:16:39.518 - INFO: <epoch:566, iter:  28,300> l_pix: 1.2661e-03 
25-12-26 18:16:57.861 - INFO: <epoch:568, iter:  28,400> l_pix: 1.2008e-03 
25-12-26 18:17:16.241 - INFO: <epoch:570, iter:  28,500> l_pix: 1.0931e-03 
25-12-26 18:17:34.507 - INFO: <epoch:572, iter:  28,600> l_pix: 1.2663e-03 
25-12-26 18:17:52.876 - INFO: <epoch:574, iter:  28,700> l_pix: 1.3963e-03 
25-12-26 18:18:11.197 - INFO: <epoch:576, iter:  28,800> l_pix: 1.7757e-03 
25-12-26 18:18:29.615 - INFO: <epoch:578, iter:  28,900> l_pix: 1.0984e-03 
25-12-26 18:18:47.925 - INFO: <epoch:580, iter:  29,000> l_pix: 1.5770e-03 
25-12-26 18:19:14.930 - INFO: <epoch:582, iter:  29,100> l_pix: 1.1971e-03 
25-12-26 18:19:33.271 - INFO: <epoch:584, iter:  29,200> l_pix: 1.3932e-03 
25-12-26 18:19:51.547 - INFO: <epoch:586, iter:  29,300> l_pix: 1.3039e-03 
25-12-26 18:20:10.103 - INFO: <epoch:588, iter:  29,400> l_pix: 1.2145e-03 
25-12-26 18:20:28.471 - INFO: <epoch:590, iter:  29,500> l_pix: 9.7275e-04 
25-12-26 18:20:46.915 - INFO: <epoch:592, iter:  29,600> l_pix: 1.1085e-03 
25-12-26 18:21:05.233 - INFO: <epoch:594, iter:  29,700> l_pix: 1.2598e-03 
25-12-26 18:21:23.490 - INFO: <epoch:596, iter:  29,800> l_pix: 1.0454e-03 
25-12-26 18:21:41.817 - INFO: <epoch:598, iter:  29,900> l_pix: 1.1296e-03 
25-12-26 18:22:00.133 - INFO: <epoch:600, iter:  30,000> l_pix: 1.4579e-03 
25-12-26 18:22:08.727 - INFO: Saving models and training states.
25-12-26 18:22:13.958 - INFO: Saved model in [experiments/ct_denoise_251226_164507/checkpoint/latest_gen.pth] ...
25-12-26 18:22:32.431 - INFO: <epoch:602, iter:  30,100> l_pix: 1.1961e-03 
25-12-26 18:22:50.631 - INFO: <epoch:604, iter:  30,200> l_pix: 9.2099e-04 
25-12-26 18:23:08.837 - INFO: <epoch:606, iter:  30,300> l_pix: 1.1632e-03 
25-12-26 18:23:27.087 - INFO: <epoch:608, iter:  30,400> l_pix: 1.0374e-03 
25-12-26 18:23:45.359 - INFO: <epoch:610, iter:  30,500> l_pix: 9.2106e-04 
25-12-26 18:24:03.596 - INFO: <epoch:612, iter:  30,600> l_pix: 1.4149e-03 
25-12-26 18:24:21.889 - INFO: <epoch:614, iter:  30,700> l_pix: 1.5055e-03 
25-12-26 18:24:40.255 - INFO: <epoch:616, iter:  30,800> l_pix: 1.2358e-03 
25-12-26 18:24:58.543 - INFO: <epoch:618, iter:  30,900> l_pix: 1.3457e-03 
25-12-26 18:25:16.805 - INFO: <epoch:620, iter:  31,000> l_pix: 1.1997e-03 
25-12-26 18:25:43.618 - INFO: <epoch:622, iter:  31,100> l_pix: 1.0339e-03 
25-12-26 18:26:01.913 - INFO: <epoch:624, iter:  31,200> l_pix: 1.3862e-03 
25-12-26 18:26:20.314 - INFO: <epoch:626, iter:  31,300> l_pix: 9.3413e-04 
25-12-26 18:26:38.688 - INFO: <epoch:628, iter:  31,400> l_pix: 1.1139e-03 
25-12-26 18:26:57.067 - INFO: <epoch:630, iter:  31,500> l_pix: 1.4157e-03 
25-12-26 18:27:15.431 - INFO: <epoch:632, iter:  31,600> l_pix: 1.2782e-03 
25-12-26 18:27:33.871 - INFO: <epoch:634, iter:  31,700> l_pix: 1.2433e-03 
25-12-26 18:27:52.264 - INFO: <epoch:636, iter:  31,800> l_pix: 1.4270e-03 
25-12-26 18:28:10.555 - INFO: <epoch:638, iter:  31,900> l_pix: 1.0201e-03 
25-12-26 18:28:28.916 - INFO: <epoch:640, iter:  32,000> l_pix: 1.3657e-03 
25-12-26 18:28:55.946 - INFO: <epoch:642, iter:  32,100> l_pix: 1.5560e-03 
25-12-26 18:29:14.365 - INFO: <epoch:644, iter:  32,200> l_pix: 1.0959e-03 
25-12-26 18:29:32.755 - INFO: <epoch:646, iter:  32,300> l_pix: 1.0230e-03 
25-12-26 18:29:51.265 - INFO: <epoch:648, iter:  32,400> l_pix: 9.7183e-04 
25-12-26 18:30:09.661 - INFO: <epoch:650, iter:  32,500> l_pix: 1.2045e-03 
25-12-26 18:30:28.062 - INFO: <epoch:652, iter:  32,600> l_pix: 1.0977e-03 
25-12-26 18:30:46.432 - INFO: <epoch:654, iter:  32,700> l_pix: 1.0662e-03 
25-12-26 18:31:04.773 - INFO: <epoch:656, iter:  32,800> l_pix: 1.1975e-03 
25-12-26 18:31:23.303 - INFO: <epoch:658, iter:  32,900> l_pix: 1.2945e-03 
25-12-26 18:31:41.650 - INFO: <epoch:660, iter:  33,000> l_pix: 9.9490e-04 
25-12-26 18:32:08.647 - INFO: <epoch:662, iter:  33,100> l_pix: 1.5155e-03 
25-12-26 18:32:27.060 - INFO: <epoch:664, iter:  33,200> l_pix: 9.7133e-04 
25-12-26 18:32:45.551 - INFO: <epoch:666, iter:  33,300> l_pix: 1.4124e-03 
25-12-26 18:33:03.854 - INFO: <epoch:668, iter:  33,400> l_pix: 1.3445e-03 
25-12-26 18:33:22.339 - INFO: <epoch:670, iter:  33,500> l_pix: 1.0289e-03 
25-12-26 18:33:40.778 - INFO: <epoch:672, iter:  33,600> l_pix: 9.5639e-04 
25-12-26 18:33:59.105 - INFO: <epoch:674, iter:  33,700> l_pix: 1.2959e-03 
25-12-26 18:34:17.495 - INFO: <epoch:676, iter:  33,800> l_pix: 1.3995e-03 
25-12-26 18:34:35.853 - INFO: <epoch:678, iter:  33,900> l_pix: 1.0056e-03 
25-12-26 18:34:54.274 - INFO: <epoch:680, iter:  34,000> l_pix: 1.2020e-03 
25-12-26 18:35:21.282 - INFO: <epoch:682, iter:  34,100> l_pix: 1.1991e-03 
25-12-26 18:35:39.659 - INFO: <epoch:684, iter:  34,200> l_pix: 1.2798e-03 
25-12-26 18:35:58.279 - INFO: <epoch:686, iter:  34,300> l_pix: 9.2923e-04 
25-12-26 18:36:16.653 - INFO: <epoch:688, iter:  34,400> l_pix: 1.3913e-03 
25-12-26 18:36:35.056 - INFO: <epoch:690, iter:  34,500> l_pix: 1.3657e-03 
25-12-26 18:36:53.604 - INFO: <epoch:692, iter:  34,600> l_pix: 1.4975e-03 
25-12-26 18:37:11.871 - INFO: <epoch:694, iter:  34,700> l_pix: 1.2469e-03 
25-12-26 18:37:30.728 - INFO: <epoch:696, iter:  34,800> l_pix: 9.9348e-04 
25-12-26 18:37:49.897 - INFO: <epoch:698, iter:  34,900> l_pix: 1.0323e-03 
25-12-26 18:38:08.418 - INFO: <epoch:700, iter:  35,000> l_pix: 1.0030e-03 
25-12-26 18:38:35.512 - INFO: <epoch:702, iter:  35,100> l_pix: 9.7980e-04 
25-12-26 18:38:54.035 - INFO: <epoch:704, iter:  35,200> l_pix: 1.0812e-03 
25-12-26 18:39:12.342 - INFO: <epoch:706, iter:  35,300> l_pix: 9.2653e-04 
25-12-26 18:39:30.790 - INFO: <epoch:708, iter:  35,400> l_pix: 1.3783e-03 
25-12-26 18:39:49.198 - INFO: <epoch:710, iter:  35,500> l_pix: 1.0142e-03 
25-12-26 18:40:07.698 - INFO: <epoch:712, iter:  35,600> l_pix: 1.2163e-03 
25-12-26 18:40:26.129 - INFO: <epoch:714, iter:  35,700> l_pix: 9.7352e-04 
25-12-26 18:40:44.617 - INFO: <epoch:716, iter:  35,800> l_pix: 1.2402e-03 
25-12-26 18:41:03.083 - INFO: <epoch:718, iter:  35,900> l_pix: 7.7325e-04 
25-12-26 18:41:21.444 - INFO: <epoch:720, iter:  36,000> l_pix: 1.1868e-03 
25-12-26 18:41:48.611 - INFO: <epoch:722, iter:  36,100> l_pix: 7.8061e-04 
25-12-26 18:42:07.206 - INFO: <epoch:724, iter:  36,200> l_pix: 9.5851e-04 
25-12-26 18:42:25.568 - INFO: <epoch:726, iter:  36,300> l_pix: 1.1798e-03 
25-12-26 18:42:44.048 - INFO: <epoch:728, iter:  36,400> l_pix: 1.3297e-03 
25-12-26 18:43:02.405 - INFO: <epoch:730, iter:  36,500> l_pix: 1.3485e-03 
25-12-26 18:43:20.934 - INFO: <epoch:732, iter:  36,600> l_pix: 1.0846e-03 
25-12-26 18:43:39.327 - INFO: <epoch:734, iter:  36,700> l_pix: 1.3155e-03 
25-12-26 18:43:57.685 - INFO: <epoch:736, iter:  36,800> l_pix: 1.0682e-03 
25-12-26 18:44:16.073 - INFO: <epoch:738, iter:  36,900> l_pix: 1.2724e-03 
25-12-26 18:44:34.500 - INFO: <epoch:740, iter:  37,000> l_pix: 1.3625e-03 
25-12-26 18:45:01.689 - INFO: <epoch:742, iter:  37,100> l_pix: 1.1443e-03 
25-12-26 18:45:20.103 - INFO: <epoch:744, iter:  37,200> l_pix: 1.2289e-03 
25-12-26 18:45:38.581 - INFO: <epoch:746, iter:  37,300> l_pix: 9.0127e-04 
25-12-26 18:45:57.047 - INFO: <epoch:748, iter:  37,400> l_pix: 1.3919e-03 
25-12-26 18:46:15.531 - INFO: <epoch:750, iter:  37,500> l_pix: 1.5540e-03 
25-12-26 18:46:33.896 - INFO: <epoch:752, iter:  37,600> l_pix: 9.8391e-04 
25-12-26 18:46:52.310 - INFO: <epoch:754, iter:  37,700> l_pix: 1.0398e-03 
25-12-26 18:47:10.672 - INFO: <epoch:756, iter:  37,800> l_pix: 1.3520e-03 
25-12-26 18:47:29.176 - INFO: <epoch:758, iter:  37,900> l_pix: 1.2899e-03 
25-12-26 18:47:47.445 - INFO: <epoch:760, iter:  38,000> l_pix: 1.2435e-03 
25-12-26 18:48:14.615 - INFO: <epoch:762, iter:  38,100> l_pix: 1.1222e-03 
25-12-26 18:48:33.022 - INFO: <epoch:764, iter:  38,200> l_pix: 8.9345e-04 
25-12-26 18:48:51.437 - INFO: <epoch:766, iter:  38,300> l_pix: 8.8469e-04 
25-12-26 18:49:09.729 - INFO: <epoch:768, iter:  38,400> l_pix: 1.3471e-03 
25-12-26 18:49:28.251 - INFO: <epoch:770, iter:  38,500> l_pix: 1.2422e-03 
25-12-26 18:49:46.635 - INFO: <epoch:772, iter:  38,600> l_pix: 1.0582e-03 
25-12-26 18:50:05.083 - INFO: <epoch:774, iter:  38,700> l_pix: 9.5343e-04 
25-12-26 18:50:23.506 - INFO: <epoch:776, iter:  38,800> l_pix: 1.1705e-03 
25-12-26 18:50:41.971 - INFO: <epoch:778, iter:  38,900> l_pix: 8.5986e-04 
25-12-26 18:51:00.297 - INFO: <epoch:780, iter:  39,000> l_pix: 9.7769e-04 
25-12-26 18:51:27.356 - INFO: <epoch:782, iter:  39,100> l_pix: 1.3968e-03 
25-12-26 18:51:45.832 - INFO: <epoch:784, iter:  39,200> l_pix: 1.4469e-03 
25-12-26 18:52:04.177 - INFO: <epoch:786, iter:  39,300> l_pix: 9.8969e-04 
25-12-26 18:52:22.614 - INFO: <epoch:788, iter:  39,400> l_pix: 1.0680e-03 
25-12-26 18:52:41.029 - INFO: <epoch:790, iter:  39,500> l_pix: 7.8936e-04 
25-12-26 18:52:59.380 - INFO: <epoch:792, iter:  39,600> l_pix: 1.1281e-03 
25-12-26 18:53:17.757 - INFO: <epoch:794, iter:  39,700> l_pix: 1.5385e-03 
25-12-26 18:53:36.179 - INFO: <epoch:796, iter:  39,800> l_pix: 1.0129e-03 
25-12-26 18:53:54.670 - INFO: <epoch:798, iter:  39,900> l_pix: 1.1282e-03 
25-12-26 18:54:13.118 - INFO: <epoch:800, iter:  40,000> l_pix: 1.2590e-03 
25-12-26 18:54:21.775 - INFO: Saving models and training states.
25-12-26 18:54:26.683 - INFO: Saved model in [experiments/ct_denoise_251226_164507/checkpoint/latest_gen.pth] ...
25-12-26 18:54:44.974 - INFO: <epoch:802, iter:  40,100> l_pix: 9.9014e-04 
25-12-26 18:55:03.237 - INFO: <epoch:804, iter:  40,200> l_pix: 1.0502e-03 
25-12-26 18:55:21.554 - INFO: <epoch:806, iter:  40,300> l_pix: 1.0309e-03 
25-12-26 18:55:40.109 - INFO: <epoch:808, iter:  40,400> l_pix: 6.9962e-04 
25-12-26 18:55:58.421 - INFO: <epoch:810, iter:  40,500> l_pix: 8.5985e-04 
25-12-26 18:56:16.886 - INFO: <epoch:812, iter:  40,600> l_pix: 1.1269e-03 
25-12-26 18:56:35.286 - INFO: <epoch:814, iter:  40,700> l_pix: 9.3904e-04 
25-12-26 18:56:53.614 - INFO: <epoch:816, iter:  40,800> l_pix: 9.9067e-04 
25-12-26 18:57:11.908 - INFO: <epoch:818, iter:  40,900> l_pix: 1.0310e-03 
25-12-26 18:57:30.234 - INFO: <epoch:820, iter:  41,000> l_pix: 1.0739e-03 
25-12-26 18:57:57.320 - INFO: <epoch:822, iter:  41,100> l_pix: 1.0621e-03 
25-12-26 18:58:15.700 - INFO: <epoch:824, iter:  41,200> l_pix: 9.0955e-04 
25-12-26 18:58:34.090 - INFO: <epoch:826, iter:  41,300> l_pix: 1.2141e-03 
25-12-26 18:58:52.425 - INFO: <epoch:828, iter:  41,400> l_pix: 8.7359e-04 
25-12-26 18:59:10.895 - INFO: <epoch:830, iter:  41,500> l_pix: 1.3849e-03 
25-12-26 18:59:29.254 - INFO: <epoch:832, iter:  41,600> l_pix: 1.0587e-03 
25-12-26 18:59:47.628 - INFO: <epoch:834, iter:  41,700> l_pix: 1.2950e-03 
25-12-26 19:00:05.900 - INFO: <epoch:836, iter:  41,800> l_pix: 1.0976e-03 
25-12-26 19:00:24.244 - INFO: <epoch:838, iter:  41,900> l_pix: 9.4650e-04 
25-12-26 19:00:42.661 - INFO: <epoch:840, iter:  42,000> l_pix: 9.4670e-04 
25-12-26 19:01:09.670 - INFO: <epoch:842, iter:  42,100> l_pix: 8.9349e-04 
25-12-26 19:01:28.049 - INFO: <epoch:844, iter:  42,200> l_pix: 1.3360e-03 
25-12-26 19:01:46.541 - INFO: <epoch:846, iter:  42,300> l_pix: 1.2206e-03 
25-12-26 19:02:04.921 - INFO: <epoch:848, iter:  42,400> l_pix: 9.2114e-04 
25-12-26 19:02:23.302 - INFO: <epoch:850, iter:  42,500> l_pix: 1.3028e-03 
25-12-26 19:02:41.621 - INFO: <epoch:852, iter:  42,600> l_pix: 1.1634e-03 
25-12-26 19:02:59.954 - INFO: <epoch:854, iter:  42,700> l_pix: 1.1879e-03 
25-12-26 19:03:18.379 - INFO: <epoch:856, iter:  42,800> l_pix: 1.0125e-03 
25-12-26 19:03:36.782 - INFO: <epoch:858, iter:  42,900> l_pix: 1.0912e-03 
25-12-26 19:03:55.285 - INFO: <epoch:860, iter:  43,000> l_pix: 8.3348e-04 
25-12-26 19:04:22.306 - INFO: <epoch:862, iter:  43,100> l_pix: 9.8338e-04 
25-12-26 19:04:40.594 - INFO: <epoch:864, iter:  43,200> l_pix: 1.3776e-03 
25-12-26 19:04:58.997 - INFO: <epoch:866, iter:  43,300> l_pix: 1.1124e-03 
25-12-26 19:05:18.209 - INFO: <epoch:868, iter:  43,400> l_pix: 1.0587e-03 
25-12-26 19:05:36.801 - INFO: <epoch:870, iter:  43,500> l_pix: 1.1031e-03 
25-12-26 19:05:55.523 - INFO: <epoch:872, iter:  43,600> l_pix: 9.2024e-04 
25-12-26 19:06:15.049 - INFO: <epoch:874, iter:  43,700> l_pix: 1.2728e-03 
25-12-26 19:06:33.608 - INFO: <epoch:876, iter:  43,800> l_pix: 9.4119e-04 
25-12-26 19:06:52.027 - INFO: <epoch:878, iter:  43,900> l_pix: 7.8585e-04 
25-12-26 19:07:10.431 - INFO: <epoch:880, iter:  44,000> l_pix: 8.6734e-04 
25-12-26 19:07:37.557 - INFO: <epoch:882, iter:  44,100> l_pix: 1.3131e-03 
25-12-26 19:07:55.958 - INFO: <epoch:884, iter:  44,200> l_pix: 1.3503e-03 
25-12-26 19:08:14.461 - INFO: <epoch:886, iter:  44,300> l_pix: 8.4666e-04 
25-12-26 19:08:32.887 - INFO: <epoch:888, iter:  44,400> l_pix: 9.4020e-04 
25-12-26 19:08:51.273 - INFO: <epoch:890, iter:  44,500> l_pix: 9.9884e-04 
25-12-26 19:09:09.681 - INFO: <epoch:892, iter:  44,600> l_pix: 9.8339e-04 
25-12-26 19:09:28.217 - INFO: <epoch:894, iter:  44,700> l_pix: 1.0913e-03 
25-12-26 19:09:46.652 - INFO: <epoch:896, iter:  44,800> l_pix: 1.1759e-03 
25-12-26 19:10:05.093 - INFO: <epoch:898, iter:  44,900> l_pix: 9.9519e-04 
25-12-26 19:10:23.411 - INFO: <epoch:900, iter:  45,000> l_pix: 8.4327e-04 
25-12-26 19:10:50.465 - INFO: <epoch:902, iter:  45,100> l_pix: 7.5280e-04 
25-12-26 19:11:08.830 - INFO: <epoch:904, iter:  45,200> l_pix: 8.5749e-04 
25-12-26 19:11:27.311 - INFO: <epoch:906, iter:  45,300> l_pix: 7.3586e-04 
25-12-26 19:11:45.577 - INFO: <epoch:908, iter:  45,400> l_pix: 9.6715e-04 
25-12-26 19:12:03.915 - INFO: <epoch:910, iter:  45,500> l_pix: 7.6164e-04 
25-12-26 19:12:22.686 - INFO: <epoch:912, iter:  45,600> l_pix: 8.2546e-04 
25-12-26 19:12:41.029 - INFO: <epoch:914, iter:  45,700> l_pix: 9.4474e-04 
25-12-26 19:12:59.346 - INFO: <epoch:916, iter:  45,800> l_pix: 1.2800e-03 
25-12-26 19:13:17.749 - INFO: <epoch:918, iter:  45,900> l_pix: 1.2321e-03 
25-12-26 19:13:36.275 - INFO: <epoch:920, iter:  46,000> l_pix: 8.8207e-04 
25-12-26 19:14:03.254 - INFO: <epoch:922, iter:  46,100> l_pix: 1.3673e-03 
25-12-26 19:14:21.654 - INFO: <epoch:924, iter:  46,200> l_pix: 1.1447e-03 
25-12-26 19:14:40.054 - INFO: <epoch:926, iter:  46,300> l_pix: 9.6734e-04 
25-12-26 19:14:58.486 - INFO: <epoch:928, iter:  46,400> l_pix: 1.1230e-03 
25-12-26 19:15:16.840 - INFO: <epoch:930, iter:  46,500> l_pix: 1.2521e-03 
25-12-26 19:15:35.139 - INFO: <epoch:932, iter:  46,600> l_pix: 1.3163e-03 
25-12-26 19:15:53.575 - INFO: <epoch:934, iter:  46,700> l_pix: 1.0920e-03 
25-12-26 19:16:11.932 - INFO: <epoch:936, iter:  46,800> l_pix: 1.2157e-03 
25-12-26 19:16:30.247 - INFO: <epoch:938, iter:  46,900> l_pix: 9.4841e-04 
25-12-26 19:16:48.842 - INFO: <epoch:940, iter:  47,000> l_pix: 1.0593e-03 
25-12-26 19:17:15.911 - INFO: <epoch:942, iter:  47,100> l_pix: 1.0827e-03 
25-12-26 19:17:34.227 - INFO: <epoch:944, iter:  47,200> l_pix: 8.3385e-04 
25-12-26 19:17:52.688 - INFO: <epoch:946, iter:  47,300> l_pix: 8.6960e-04 
25-12-26 19:18:10.988 - INFO: <epoch:948, iter:  47,400> l_pix: 9.2899e-04 
25-12-26 19:18:29.392 - INFO: <epoch:950, iter:  47,500> l_pix: 9.5243e-04 
25-12-26 19:18:48.544 - INFO: <epoch:952, iter:  47,600> l_pix: 1.0844e-03 
25-12-26 19:19:09.053 - INFO: <epoch:954, iter:  47,700> l_pix: 7.2932e-04 
25-12-26 19:19:29.851 - INFO: <epoch:956, iter:  47,800> l_pix: 9.4497e-04 
25-12-26 19:19:50.212 - INFO: <epoch:958, iter:  47,900> l_pix: 1.3094e-03 
25-12-26 19:20:10.701 - INFO: <epoch:960, iter:  48,000> l_pix: 1.0366e-03 
25-12-26 19:20:41.054 - INFO: <epoch:962, iter:  48,100> l_pix: 8.8677e-04 
25-12-26 19:21:01.802 - INFO: <epoch:964, iter:  48,200> l_pix: 7.5969e-04 
25-12-26 19:21:22.360 - INFO: <epoch:966, iter:  48,300> l_pix: 8.4410e-04 
25-12-26 19:21:42.971 - INFO: <epoch:968, iter:  48,400> l_pix: 1.0939e-03 
25-12-26 19:22:03.539 - INFO: <epoch:970, iter:  48,500> l_pix: 1.1559e-03 
25-12-26 19:22:24.112 - INFO: <epoch:972, iter:  48,600> l_pix: 7.7416e-04 
25-12-26 19:22:44.726 - INFO: <epoch:974, iter:  48,700> l_pix: 1.1246e-03 
25-12-26 19:23:05.336 - INFO: <epoch:976, iter:  48,800> l_pix: 9.8984e-04 
25-12-26 19:23:25.896 - INFO: <epoch:978, iter:  48,900> l_pix: 5.8936e-04 
25-12-26 19:23:46.578 - INFO: <epoch:980, iter:  49,000> l_pix: 1.0006e-03 
25-12-26 19:24:17.374 - INFO: <epoch:982, iter:  49,100> l_pix: 1.0239e-03 
25-12-26 19:24:36.210 - INFO: <epoch:984, iter:  49,200> l_pix: 1.2142e-03 
25-12-26 19:24:55.879 - INFO: <epoch:986, iter:  49,300> l_pix: 9.1131e-04 
25-12-26 19:25:15.735 - INFO: <epoch:988, iter:  49,400> l_pix: 7.8691e-04 
25-12-26 19:25:35.606 - INFO: <epoch:990, iter:  49,500> l_pix: 6.5251e-04 
25-12-26 19:25:54.837 - INFO: <epoch:992, iter:  49,600> l_pix: 6.4888e-04 
25-12-26 19:26:13.451 - INFO: <epoch:994, iter:  49,700> l_pix: 1.2002e-03 
25-12-26 19:26:32.090 - INFO: <epoch:996, iter:  49,800> l_pix: 1.0010e-03 
25-12-26 19:26:51.304 - INFO: <epoch:998, iter:  49,900> l_pix: 6.0651e-04 
25-12-26 19:27:10.290 - INFO: <epoch:1000, iter:  50,000> l_pix: 1.1129e-03 
25-12-26 19:27:19.133 - INFO: Saving models and training states.
25-12-26 19:27:23.722 - INFO: Saved model in [experiments/ct_denoise_251226_164507/checkpoint/latest_gen.pth] ...
25-12-26 19:27:42.660 - INFO: <epoch:1002, iter:  50,100> l_pix: 9.9122e-04 
25-12-26 19:28:01.410 - INFO: <epoch:1004, iter:  50,200> l_pix: 1.1490e-03 
25-12-26 19:28:20.360 - INFO: <epoch:1006, iter:  50,300> l_pix: 1.0249e-03 
25-12-26 19:28:40.602 - INFO: <epoch:1008, iter:  50,400> l_pix: 7.1114e-04 
25-12-26 19:29:02.995 - INFO: <epoch:1010, iter:  50,500> l_pix: 9.6790e-04 
25-12-26 19:29:24.668 - INFO: <epoch:1012, iter:  50,600> l_pix: 1.2452e-03 
25-12-26 19:29:45.139 - INFO: <epoch:1014, iter:  50,700> l_pix: 7.6696e-04 
25-12-26 19:30:05.509 - INFO: <epoch:1016, iter:  50,800> l_pix: 7.7496e-04 
25-12-26 19:30:24.681 - INFO: <epoch:1018, iter:  50,900> l_pix: 6.9531e-04 
25-12-26 19:30:43.449 - INFO: <epoch:1020, iter:  51,000> l_pix: 7.0853e-04 
25-12-26 19:31:10.329 - INFO: <epoch:1022, iter:  51,100> l_pix: 7.4901e-04 
25-12-26 19:31:28.573 - INFO: <epoch:1024, iter:  51,200> l_pix: 1.0801e-03 
25-12-26 19:31:47.943 - INFO: <epoch:1026, iter:  51,300> l_pix: 1.0553e-03 
25-12-26 19:32:07.342 - INFO: <epoch:1028, iter:  51,400> l_pix: 1.1986e-03 
25-12-26 19:32:26.321 - INFO: <epoch:1030, iter:  51,500> l_pix: 1.1573e-03 
25-12-26 19:32:44.619 - INFO: <epoch:1032, iter:  51,600> l_pix: 1.0075e-03 
25-12-26 19:33:03.271 - INFO: <epoch:1034, iter:  51,700> l_pix: 8.5415e-04 
25-12-26 19:33:21.721 - INFO: <epoch:1036, iter:  51,800> l_pix: 7.2784e-04 
25-12-26 19:33:40.190 - INFO: <epoch:1038, iter:  51,900> l_pix: 7.7865e-04 
25-12-26 19:33:59.650 - INFO: <epoch:1040, iter:  52,000> l_pix: 1.1289e-03 
25-12-26 19:34:28.799 - INFO: <epoch:1042, iter:  52,100> l_pix: 6.2136e-04 
25-12-26 19:34:47.311 - INFO: <epoch:1044, iter:  52,200> l_pix: 9.3255e-04 
25-12-26 19:35:05.667 - INFO: <epoch:1046, iter:  52,300> l_pix: 9.3096e-04 
25-12-26 19:35:26.493 - INFO: <epoch:1048, iter:  52,400> l_pix: 8.5164e-04 
25-12-26 19:35:44.829 - INFO: <epoch:1050, iter:  52,500> l_pix: 1.1865e-03 
25-12-26 19:36:06.499 - INFO: <epoch:1052, iter:  52,600> l_pix: 1.2034e-03 
25-12-26 19:36:25.567 - INFO: <epoch:1054, iter:  52,700> l_pix: 5.8022e-04 
25-12-26 19:36:47.138 - INFO: <epoch:1056, iter:  52,800> l_pix: 1.0483e-03 
25-12-26 19:37:08.533 - INFO: <epoch:1058, iter:  52,900> l_pix: 1.1057e-03 
25-12-26 19:37:30.053 - INFO: <epoch:1060, iter:  53,000> l_pix: 9.9078e-04 
25-12-26 19:38:01.541 - INFO: <epoch:1062, iter:  53,100> l_pix: 8.7378e-04 
25-12-26 19:38:23.069 - INFO: <epoch:1064, iter:  53,200> l_pix: 9.7290e-04 
25-12-26 19:38:44.556 - INFO: <epoch:1066, iter:  53,300> l_pix: 7.3277e-04 
25-12-26 19:39:05.970 - INFO: <epoch:1068, iter:  53,400> l_pix: 9.9231e-04 
25-12-26 19:39:27.398 - INFO: <epoch:1070, iter:  53,500> l_pix: 7.3487e-04 
25-12-26 19:39:48.570 - INFO: <epoch:1072, iter:  53,600> l_pix: 1.0257e-03 
25-12-26 19:40:07.783 - INFO: <epoch:1074, iter:  53,700> l_pix: 9.5222e-04 
25-12-26 19:40:26.066 - INFO: <epoch:1076, iter:  53,800> l_pix: 1.1069e-03 
25-12-26 19:40:44.271 - INFO: <epoch:1078, iter:  53,900> l_pix: 6.3735e-04 
25-12-26 19:41:02.529 - INFO: <epoch:1080, iter:  54,000> l_pix: 7.5985e-04 
25-12-26 19:41:29.530 - INFO: <epoch:1082, iter:  54,100> l_pix: 9.6770e-04 
25-12-26 19:41:47.788 - INFO: <epoch:1084, iter:  54,200> l_pix: 1.1382e-03 
25-12-26 19:42:06.002 - INFO: <epoch:1086, iter:  54,300> l_pix: 7.8484e-04 
25-12-26 19:42:24.424 - INFO: <epoch:1088, iter:  54,400> l_pix: 1.0490e-03 
25-12-26 19:42:42.692 - INFO: <epoch:1090, iter:  54,500> l_pix: 6.8978e-04 
25-12-26 19:43:01.119 - INFO: <epoch:1092, iter:  54,600> l_pix: 1.0794e-03 
25-12-26 19:43:19.386 - INFO: <epoch:1094, iter:  54,700> l_pix: 9.3035e-04 
25-12-26 19:43:37.574 - INFO: <epoch:1096, iter:  54,800> l_pix: 8.5941e-04 
25-12-26 19:43:55.895 - INFO: <epoch:1098, iter:  54,900> l_pix: 1.0218e-03 
25-12-26 19:44:15.144 - INFO: <epoch:1100, iter:  55,000> l_pix: 1.0389e-03 
25-12-26 19:44:45.851 - INFO: <epoch:1102, iter:  55,100> l_pix: 1.2869e-03 
25-12-26 19:45:07.323 - INFO: <epoch:1104, iter:  55,200> l_pix: 1.1204e-03 
25-12-26 19:45:28.829 - INFO: <epoch:1106, iter:  55,300> l_pix: 9.9051e-04 
25-12-26 19:45:50.332 - INFO: <epoch:1108, iter:  55,400> l_pix: 8.8092e-04 
25-12-26 19:46:11.695 - INFO: <epoch:1110, iter:  55,500> l_pix: 9.4492e-04 
25-12-26 19:46:33.199 - INFO: <epoch:1112, iter:  55,600> l_pix: 1.3488e-03 
25-12-26 19:46:54.699 - INFO: <epoch:1114, iter:  55,700> l_pix: 8.8115e-04 
25-12-26 19:47:16.165 - INFO: <epoch:1116, iter:  55,800> l_pix: 5.7991e-04 
25-12-26 19:47:37.591 - INFO: <epoch:1118, iter:  55,900> l_pix: 1.1640e-03 
25-12-26 19:47:59.157 - INFO: <epoch:1120, iter:  56,000> l_pix: 7.5855e-04 
25-12-26 19:48:30.626 - INFO: <epoch:1122, iter:  56,100> l_pix: 1.1074e-03 
25-12-26 19:48:52.087 - INFO: <epoch:1124, iter:  56,200> l_pix: 7.1308e-04 
25-12-26 19:49:13.485 - INFO: <epoch:1126, iter:  56,300> l_pix: 7.7435e-04 
25-12-26 19:49:34.931 - INFO: <epoch:1128, iter:  56,400> l_pix: 1.0172e-03 
25-12-26 19:49:56.323 - INFO: <epoch:1130, iter:  56,500> l_pix: 8.3724e-04 
25-12-26 19:50:17.765 - INFO: <epoch:1132, iter:  56,600> l_pix: 5.2430e-04 
25-12-26 19:50:39.201 - INFO: <epoch:1134, iter:  56,700> l_pix: 9.4597e-04 
25-12-26 19:51:00.787 - INFO: <epoch:1136, iter:  56,800> l_pix: 7.9206e-04 
25-12-26 19:51:22.258 - INFO: <epoch:1138, iter:  56,900> l_pix: 9.8808e-04 
25-12-26 19:51:43.606 - INFO: <epoch:1140, iter:  57,000> l_pix: 7.7474e-04 
25-12-26 19:52:15.157 - INFO: <epoch:1142, iter:  57,100> l_pix: 8.4250e-04 
25-12-26 19:52:36.552 - INFO: <epoch:1144, iter:  57,200> l_pix: 1.1518e-03 
25-12-26 19:52:58.140 - INFO: <epoch:1146, iter:  57,300> l_pix: 1.0054e-03 
25-12-26 19:53:19.660 - INFO: <epoch:1148, iter:  57,400> l_pix: 7.2437e-04 
25-12-26 19:53:41.067 - INFO: <epoch:1150, iter:  57,500> l_pix: 8.6545e-04 
25-12-26 19:54:02.524 - INFO: <epoch:1152, iter:  57,600> l_pix: 5.8681e-04 
25-12-26 19:54:24.002 - INFO: <epoch:1154, iter:  57,700> l_pix: 7.1941e-04 
25-12-26 19:54:45.514 - INFO: <epoch:1156, iter:  57,800> l_pix: 8.1562e-04 
25-12-26 19:55:06.965 - INFO: <epoch:1158, iter:  57,900> l_pix: 9.3825e-04 
25-12-26 19:55:28.613 - INFO: <epoch:1160, iter:  58,000> l_pix: 7.8831e-04 
25-12-26 19:56:00.130 - INFO: <epoch:1162, iter:  58,100> l_pix: 7.5178e-04 
25-12-26 19:56:21.562 - INFO: <epoch:1164, iter:  58,200> l_pix: 8.6735e-04 
25-12-26 19:56:42.928 - INFO: <epoch:1166, iter:  58,300> l_pix: 6.9740e-04 
25-12-26 19:57:04.463 - INFO: <epoch:1168, iter:  58,400> l_pix: 1.0884e-03 
25-12-26 19:57:25.901 - INFO: <epoch:1170, iter:  58,500> l_pix: 9.4039e-04 
25-12-26 19:57:47.338 - INFO: <epoch:1172, iter:  58,600> l_pix: 8.3285e-04 
25-12-26 19:58:08.833 - INFO: <epoch:1174, iter:  58,700> l_pix: 7.7313e-04 
25-12-26 19:58:30.308 - INFO: <epoch:1176, iter:  58,800> l_pix: 8.2890e-04 
25-12-26 19:58:51.815 - INFO: <epoch:1178, iter:  58,900> l_pix: 8.7978e-04 
25-12-26 19:59:13.388 - INFO: <epoch:1180, iter:  59,000> l_pix: 9.5610e-04 
25-12-26 19:59:40.366 - INFO: <epoch:1182, iter:  59,100> l_pix: 8.3526e-04 
25-12-26 19:59:59.107 - INFO: <epoch:1184, iter:  59,200> l_pix: 1.0350e-03 
25-12-26 20:00:18.142 - INFO: <epoch:1186, iter:  59,300> l_pix: 6.6583e-04 
25-12-26 20:00:36.640 - INFO: <epoch:1188, iter:  59,400> l_pix: 7.9218e-04 
25-12-26 20:00:55.725 - INFO: <epoch:1190, iter:  59,500> l_pix: 9.7956e-04 
25-12-26 20:01:14.074 - INFO: <epoch:1192, iter:  59,600> l_pix: 5.5786e-04 
25-12-26 20:01:33.099 - INFO: <epoch:1194, iter:  59,700> l_pix: 8.6664e-04 
25-12-26 20:01:53.427 - INFO: <epoch:1196, iter:  59,800> l_pix: 9.0417e-04 
25-12-26 20:02:12.769 - INFO: <epoch:1198, iter:  59,900> l_pix: 8.3672e-04 
25-12-26 20:02:31.237 - INFO: <epoch:1200, iter:  60,000> l_pix: 9.5754e-04 
25-12-26 20:02:39.789 - INFO: Saving models and training states.
25-12-26 20:02:44.734 - INFO: Saved model in [experiments/ct_denoise_251226_164507/checkpoint/latest_gen.pth] ...
25-12-26 20:03:02.983 - INFO: <epoch:1202, iter:  60,100> l_pix: 1.1939e-03 
25-12-26 20:03:21.165 - INFO: <epoch:1204, iter:  60,200> l_pix: 5.6725e-04 
25-12-26 20:03:39.268 - INFO: <epoch:1206, iter:  60,300> l_pix: 6.0783e-04 
25-12-26 20:03:57.520 - INFO: <epoch:1208, iter:  60,400> l_pix: 7.5289e-04 
25-12-26 20:04:15.629 - INFO: <epoch:1210, iter:  60,500> l_pix: 9.2845e-04 
25-12-26 20:04:33.879 - INFO: <epoch:1212, iter:  60,600> l_pix: 6.3579e-04 
25-12-26 20:04:52.044 - INFO: <epoch:1214, iter:  60,700> l_pix: 1.1042e-03 
25-12-26 20:05:10.764 - INFO: <epoch:1216, iter:  60,800> l_pix: 8.9571e-04 
25-12-26 20:05:29.699 - INFO: <epoch:1218, iter:  60,900> l_pix: 5.2061e-04 
25-12-26 20:05:47.889 - INFO: <epoch:1220, iter:  61,000> l_pix: 1.1815e-03 
25-12-26 20:06:14.678 - INFO: <epoch:1222, iter:  61,100> l_pix: 1.1425e-03 
25-12-26 20:06:33.149 - INFO: <epoch:1224, iter:  61,200> l_pix: 8.9646e-04 
25-12-26 20:06:51.482 - INFO: <epoch:1226, iter:  61,300> l_pix: 1.1074e-03 
25-12-26 20:07:09.817 - INFO: <epoch:1228, iter:  61,400> l_pix: 8.3073e-04 
25-12-26 20:07:28.142 - INFO: <epoch:1230, iter:  61,500> l_pix: 9.6829e-04 
25-12-26 20:07:46.438 - INFO: <epoch:1232, iter:  61,600> l_pix: 9.3987e-04 
25-12-26 20:08:04.745 - INFO: <epoch:1234, iter:  61,700> l_pix: 6.4562e-04 
25-12-26 20:08:23.016 - INFO: <epoch:1236, iter:  61,800> l_pix: 7.7800e-04 
25-12-26 20:08:41.422 - INFO: <epoch:1238, iter:  61,900> l_pix: 1.2289e-03 
25-12-26 20:08:59.774 - INFO: <epoch:1240, iter:  62,000> l_pix: 8.5717e-04 
25-12-26 20:09:26.612 - INFO: <epoch:1242, iter:  62,100> l_pix: 4.9773e-04 
25-12-26 20:09:44.811 - INFO: <epoch:1244, iter:  62,200> l_pix: 8.1526e-04 
25-12-26 20:10:03.185 - INFO: <epoch:1246, iter:  62,300> l_pix: 6.6312e-04 
25-12-26 20:10:21.495 - INFO: <epoch:1248, iter:  62,400> l_pix: 8.5578e-04 
25-12-26 20:10:39.878 - INFO: <epoch:1250, iter:  62,500> l_pix: 7.6548e-04 
25-12-26 20:10:58.137 - INFO: <epoch:1252, iter:  62,600> l_pix: 7.3086e-04 
25-12-26 20:11:16.360 - INFO: <epoch:1254, iter:  62,700> l_pix: 1.0027e-03 
25-12-26 20:11:34.711 - INFO: <epoch:1256, iter:  62,800> l_pix: 9.4940e-04 
25-12-26 20:11:53.192 - INFO: <epoch:1258, iter:  62,900> l_pix: 7.6256e-04 
25-12-26 20:12:11.380 - INFO: <epoch:1260, iter:  63,000> l_pix: 1.0183e-03 
25-12-26 20:12:38.322 - INFO: <epoch:1262, iter:  63,100> l_pix: 7.1394e-04 
25-12-26 20:12:56.636 - INFO: <epoch:1264, iter:  63,200> l_pix: 6.7136e-04 
25-12-26 20:13:14.857 - INFO: <epoch:1266, iter:  63,300> l_pix: 6.9179e-04 
25-12-26 20:13:33.153 - INFO: <epoch:1268, iter:  63,400> l_pix: 8.9061e-04 
25-12-26 20:13:51.395 - INFO: <epoch:1270, iter:  63,500> l_pix: 1.1797e-03 
25-12-26 20:14:09.636 - INFO: <epoch:1272, iter:  63,600> l_pix: 9.1930e-04 
25-12-26 20:14:27.922 - INFO: <epoch:1274, iter:  63,700> l_pix: 1.0672e-03 
25-12-26 20:14:46.081 - INFO: <epoch:1276, iter:  63,800> l_pix: 8.2927e-04 
25-12-26 20:15:04.478 - INFO: <epoch:1278, iter:  63,900> l_pix: 7.3311e-04 
25-12-26 20:15:22.758 - INFO: <epoch:1280, iter:  64,000> l_pix: 1.1846e-03 
25-12-26 20:15:49.573 - INFO: <epoch:1282, iter:  64,100> l_pix: 5.0811e-04 
25-12-26 20:16:07.862 - INFO: <epoch:1284, iter:  64,200> l_pix: 8.0534e-04 
25-12-26 20:16:26.168 - INFO: <epoch:1286, iter:  64,300> l_pix: 8.2480e-04 
25-12-26 20:16:44.319 - INFO: <epoch:1288, iter:  64,400> l_pix: 9.9267e-04 
25-12-26 20:17:02.698 - INFO: <epoch:1290, iter:  64,500> l_pix: 8.4564e-04 
25-12-26 20:17:21.040 - INFO: <epoch:1292, iter:  64,600> l_pix: 9.8096e-04 
25-12-26 20:17:39.260 - INFO: <epoch:1294, iter:  64,700> l_pix: 6.6651e-04 
25-12-26 20:17:57.564 - INFO: <epoch:1296, iter:  64,800> l_pix: 8.5147e-04 
25-12-26 20:18:15.732 - INFO: <epoch:1298, iter:  64,900> l_pix: 8.3697e-04 
25-12-26 20:18:34.071 - INFO: <epoch:1300, iter:  65,000> l_pix: 8.9942e-04 
25-12-26 20:19:00.937 - INFO: <epoch:1302, iter:  65,100> l_pix: 7.6205e-04 
25-12-26 20:19:19.188 - INFO: <epoch:1304, iter:  65,200> l_pix: 6.8310e-04 
25-12-26 20:19:37.441 - INFO: <epoch:1306, iter:  65,300> l_pix: 9.0001e-04 
25-12-26 20:19:55.659 - INFO: <epoch:1308, iter:  65,400> l_pix: 7.3892e-04 
25-12-26 20:20:13.865 - INFO: <epoch:1310, iter:  65,500> l_pix: 5.8103e-04 
25-12-26 20:20:32.358 - INFO: <epoch:1312, iter:  65,600> l_pix: 8.4164e-04 
25-12-26 20:20:50.670 - INFO: <epoch:1314, iter:  65,700> l_pix: 1.2078e-03 
25-12-26 20:21:08.936 - INFO: <epoch:1316, iter:  65,800> l_pix: 9.2552e-04 
25-12-26 20:21:27.228 - INFO: <epoch:1318, iter:  65,900> l_pix: 6.3459e-04 
25-12-26 20:21:45.498 - INFO: <epoch:1320, iter:  66,000> l_pix: 6.6527e-04 
25-12-26 20:22:12.710 - INFO: <epoch:1322, iter:  66,100> l_pix: 9.2903e-04 
25-12-26 20:22:31.097 - INFO: <epoch:1324, iter:  66,200> l_pix: 1.1823e-03 
25-12-26 20:22:49.794 - INFO: <epoch:1326, iter:  66,300> l_pix: 5.6207e-04 
25-12-26 20:23:08.257 - INFO: <epoch:1328, iter:  66,400> l_pix: 9.6338e-04 
25-12-26 20:23:27.278 - INFO: <epoch:1330, iter:  66,500> l_pix: 8.9380e-04 
25-12-26 20:23:47.003 - INFO: <epoch:1332, iter:  66,600> l_pix: 9.2303e-04 
25-12-26 20:24:07.341 - INFO: <epoch:1334, iter:  66,700> l_pix: 1.0171e-03 
25-12-26 20:24:25.937 - INFO: <epoch:1336, iter:  66,800> l_pix: 8.8913e-04 
25-12-26 20:24:44.317 - INFO: <epoch:1338, iter:  66,900> l_pix: 6.0036e-04 
25-12-26 20:25:02.695 - INFO: <epoch:1340, iter:  67,000> l_pix: 1.0518e-03 
25-12-26 20:25:29.602 - INFO: <epoch:1342, iter:  67,100> l_pix: 9.2776e-04 
25-12-26 20:25:47.782 - INFO: <epoch:1344, iter:  67,200> l_pix: 4.6533e-04 
25-12-26 20:26:06.758 - INFO: <epoch:1346, iter:  67,300> l_pix: 7.7164e-04 
25-12-26 20:26:25.425 - INFO: <epoch:1348, iter:  67,400> l_pix: 9.3115e-04 
25-12-26 20:26:43.530 - INFO: <epoch:1350, iter:  67,500> l_pix: 7.7837e-04 
25-12-26 20:27:01.859 - INFO: <epoch:1352, iter:  67,600> l_pix: 6.0210e-04 
25-12-26 20:27:20.033 - INFO: <epoch:1354, iter:  67,700> l_pix: 8.5059e-04 
25-12-26 20:27:38.226 - INFO: <epoch:1356, iter:  67,800> l_pix: 6.4565e-04 
25-12-26 20:27:56.456 - INFO: <epoch:1358, iter:  67,900> l_pix: 6.3894e-04 
25-12-26 20:28:14.531 - INFO: <epoch:1360, iter:  68,000> l_pix: 9.8917e-04 
25-12-26 20:28:41.366 - INFO: <epoch:1362, iter:  68,100> l_pix: 7.1550e-04 
25-12-26 20:28:59.937 - INFO: <epoch:1364, iter:  68,200> l_pix: 9.4163e-04 
25-12-26 20:29:18.148 - INFO: <epoch:1366, iter:  68,300> l_pix: 1.0926e-03 
25-12-26 20:29:36.392 - INFO: <epoch:1368, iter:  68,400> l_pix: 6.7526e-04 
25-12-26 20:29:54.786 - INFO: <epoch:1370, iter:  68,500> l_pix: 8.0132e-04 
25-12-26 20:30:12.993 - INFO: <epoch:1372, iter:  68,600> l_pix: 1.0478e-03 
25-12-26 20:30:31.265 - INFO: <epoch:1374, iter:  68,700> l_pix: 1.0323e-03 
25-12-26 20:30:49.916 - INFO: <epoch:1376, iter:  68,800> l_pix: 1.0762e-03 
25-12-26 20:31:08.560 - INFO: <epoch:1378, iter:  68,900> l_pix: 5.9104e-04 
25-12-26 20:31:27.147 - INFO: <epoch:1380, iter:  69,000> l_pix: 8.7771e-04 
25-12-26 20:31:54.003 - INFO: <epoch:1382, iter:  69,100> l_pix: 8.3585e-04 
25-12-26 20:32:12.187 - INFO: <epoch:1384, iter:  69,200> l_pix: 7.6085e-04 
25-12-26 20:32:30.448 - INFO: <epoch:1386, iter:  69,300> l_pix: 4.8598e-04 
25-12-26 20:32:48.743 - INFO: <epoch:1388, iter:  69,400> l_pix: 1.0587e-03 
25-12-26 20:33:07.120 - INFO: <epoch:1390, iter:  69,500> l_pix: 7.9872e-04 
25-12-26 20:33:25.405 - INFO: <epoch:1392, iter:  69,600> l_pix: 7.2786e-04 
25-12-26 20:33:43.561 - INFO: <epoch:1394, iter:  69,700> l_pix: 6.7629e-04 
25-12-26 20:34:01.968 - INFO: <epoch:1396, iter:  69,800> l_pix: 1.2556e-03 
25-12-26 20:34:20.224 - INFO: <epoch:1398, iter:  69,900> l_pix: 5.4381e-04 
25-12-26 20:34:38.478 - INFO: <epoch:1400, iter:  70,000> l_pix: 5.5739e-04 
25-12-26 20:34:47.006 - INFO: Saving models and training states.
25-12-26 20:34:51.579 - INFO: Saved model in [experiments/ct_denoise_251226_164507/checkpoint/latest_gen.pth] ...
25-12-26 20:35:09.933 - INFO: <epoch:1402, iter:  70,100> l_pix: 7.1021e-04 
25-12-26 20:35:28.167 - INFO: <epoch:1404, iter:  70,200> l_pix: 6.7299e-04 
25-12-26 20:35:47.316 - INFO: <epoch:1406, iter:  70,300> l_pix: 5.8172e-04 
25-12-26 20:36:06.246 - INFO: <epoch:1408, iter:  70,400> l_pix: 8.1126e-04 
25-12-26 20:36:24.497 - INFO: <epoch:1410, iter:  70,500> l_pix: 1.0202e-03 
25-12-26 20:36:42.822 - INFO: <epoch:1412, iter:  70,600> l_pix: 9.1264e-04 
25-12-26 20:37:01.099 - INFO: <epoch:1414, iter:  70,700> l_pix: 8.8341e-04 
25-12-26 20:37:19.269 - INFO: <epoch:1416, iter:  70,800> l_pix: 1.1377e-03 
25-12-26 20:37:37.582 - INFO: <epoch:1418, iter:  70,900> l_pix: 8.0049e-04 
25-12-26 20:37:55.788 - INFO: <epoch:1420, iter:  71,000> l_pix: 8.6007e-04 
25-12-26 20:38:22.961 - INFO: <epoch:1422, iter:  71,100> l_pix: 1.0230e-03 
25-12-26 20:38:41.519 - INFO: <epoch:1424, iter:  71,200> l_pix: 8.4054e-04 
25-12-26 20:38:59.813 - INFO: <epoch:1426, iter:  71,300> l_pix: 7.4801e-04 
25-12-26 20:39:18.041 - INFO: <epoch:1428, iter:  71,400> l_pix: 5.6190e-04 
25-12-26 20:39:36.459 - INFO: <epoch:1430, iter:  71,500> l_pix: 1.1102e-03 
25-12-26 20:39:54.769 - INFO: <epoch:1432, iter:  71,600> l_pix: 5.8130e-04 
25-12-26 20:40:12.974 - INFO: <epoch:1434, iter:  71,700> l_pix: 8.4274e-04 
25-12-26 20:40:31.283 - INFO: <epoch:1436, iter:  71,800> l_pix: 8.7336e-04 
25-12-26 20:40:49.543 - INFO: <epoch:1438, iter:  71,900> l_pix: 5.8400e-04 
25-12-26 20:41:07.837 - INFO: <epoch:1440, iter:  72,000> l_pix: 7.8128e-04 
25-12-26 20:41:34.729 - INFO: <epoch:1442, iter:  72,100> l_pix: 7.0566e-04 
25-12-26 20:41:53.105 - INFO: <epoch:1444, iter:  72,200> l_pix: 7.1484e-04 
25-12-26 20:42:11.365 - INFO: <epoch:1446, iter:  72,300> l_pix: 1.0118e-03 
25-12-26 20:42:29.621 - INFO: <epoch:1448, iter:  72,400> l_pix: 7.2494e-04 
25-12-26 20:42:47.877 - INFO: <epoch:1450, iter:  72,500> l_pix: 1.2128e-03 
25-12-26 20:43:06.231 - INFO: <epoch:1452, iter:  72,600> l_pix: 7.9126e-04 
25-12-26 20:43:24.542 - INFO: <epoch:1454, iter:  72,700> l_pix: 8.8915e-04 
25-12-26 20:43:42.791 - INFO: <epoch:1456, iter:  72,800> l_pix: 6.8127e-04 
25-12-26 20:44:01.051 - INFO: <epoch:1458, iter:  72,900> l_pix: 1.1479e-03 
25-12-26 20:44:19.179 - INFO: <epoch:1460, iter:  73,000> l_pix: 8.0918e-04 
25-12-26 20:44:46.192 - INFO: <epoch:1462, iter:  73,100> l_pix: 7.5589e-04 
25-12-26 20:45:04.450 - INFO: <epoch:1464, iter:  73,200> l_pix: 7.7003e-04 
25-12-26 20:45:22.653 - INFO: <epoch:1466, iter:  73,300> l_pix: 5.9275e-04 
25-12-26 20:45:40.854 - INFO: <epoch:1468, iter:  73,400> l_pix: 6.3372e-04 
25-12-26 20:45:59.264 - INFO: <epoch:1470, iter:  73,500> l_pix: 6.6775e-04 
25-12-26 20:46:17.448 - INFO: <epoch:1472, iter:  73,600> l_pix: 6.4385e-04 
25-12-26 20:46:35.807 - INFO: <epoch:1474, iter:  73,700> l_pix: 8.5577e-04 
25-12-26 20:46:54.087 - INFO: <epoch:1476, iter:  73,800> l_pix: 7.9926e-04 
25-12-26 20:47:12.375 - INFO: <epoch:1478, iter:  73,900> l_pix: 6.8921e-04 
25-12-26 20:47:30.753 - INFO: <epoch:1480, iter:  74,000> l_pix: 7.0593e-04 
25-12-26 20:47:57.616 - INFO: <epoch:1482, iter:  74,100> l_pix: 9.0075e-04 
25-12-26 20:48:15.813 - INFO: <epoch:1484, iter:  74,200> l_pix: 1.0157e-03 
25-12-26 20:48:34.100 - INFO: <epoch:1486, iter:  74,300> l_pix: 8.2241e-04 
25-12-26 20:48:52.472 - INFO: <epoch:1488, iter:  74,400> l_pix: 7.7765e-04 
25-12-26 20:49:10.745 - INFO: <epoch:1490, iter:  74,500> l_pix: 6.6668e-04 
25-12-26 20:49:29.015 - INFO: <epoch:1492, iter:  74,600> l_pix: 6.8358e-04 
25-12-26 20:49:47.245 - INFO: <epoch:1494, iter:  74,700> l_pix: 4.9309e-04 
25-12-26 20:50:05.704 - INFO: <epoch:1496, iter:  74,800> l_pix: 7.0394e-04 
25-12-26 20:50:23.931 - INFO: <epoch:1498, iter:  74,900> l_pix: 6.7898e-04 
25-12-26 20:50:42.158 - INFO: <epoch:1500, iter:  75,000> l_pix: 9.5576e-04 
25-12-26 20:51:09.016 - INFO: <epoch:1502, iter:  75,100> l_pix: 6.3676e-04 
25-12-26 20:51:27.319 - INFO: <epoch:1504, iter:  75,200> l_pix: 5.5962e-04 
25-12-26 20:51:45.470 - INFO: <epoch:1506, iter:  75,300> l_pix: 8.1018e-04 
25-12-26 20:52:03.756 - INFO: <epoch:1508, iter:  75,400> l_pix: 6.0025e-04 
25-12-26 20:52:21.999 - INFO: <epoch:1510, iter:  75,500> l_pix: 5.3204e-04 
25-12-26 20:52:40.309 - INFO: <epoch:1512, iter:  75,600> l_pix: 8.6859e-04 
25-12-26 20:52:58.589 - INFO: <epoch:1514, iter:  75,700> l_pix: 1.0375e-03 
25-12-26 20:53:16.748 - INFO: <epoch:1516, iter:  75,800> l_pix: 7.3675e-04 
25-12-26 20:53:34.895 - INFO: <epoch:1518, iter:  75,900> l_pix: 7.5187e-04 
25-12-26 20:53:53.297 - INFO: <epoch:1520, iter:  76,000> l_pix: 6.2475e-04 
25-12-26 20:54:20.020 - INFO: <epoch:1522, iter:  76,100> l_pix: 6.4867e-04 
25-12-26 20:54:38.500 - INFO: <epoch:1524, iter:  76,200> l_pix: 8.9804e-04 
25-12-26 20:54:56.753 - INFO: <epoch:1526, iter:  76,300> l_pix: 6.4588e-04 
25-12-26 20:55:14.999 - INFO: <epoch:1528, iter:  76,400> l_pix: 1.0621e-03 
25-12-26 20:55:33.336 - INFO: <epoch:1530, iter:  76,500> l_pix: 3.5913e-04 
25-12-26 20:55:51.483 - INFO: <epoch:1532, iter:  76,600> l_pix: 6.5741e-04 
25-12-26 20:56:09.881 - INFO: <epoch:1534, iter:  76,700> l_pix: 7.4916e-04 
25-12-26 20:56:28.152 - INFO: <epoch:1536, iter:  76,800> l_pix: 1.2024e-03 
25-12-26 20:56:46.500 - INFO: <epoch:1538, iter:  76,900> l_pix: 6.8210e-04 
25-12-26 20:57:04.811 - INFO: <epoch:1540, iter:  77,000> l_pix: 6.1735e-04 
25-12-26 20:57:31.642 - INFO: <epoch:1542, iter:  77,100> l_pix: 8.7217e-04 
25-12-26 20:57:49.859 - INFO: <epoch:1544, iter:  77,200> l_pix: 8.6832e-04 
25-12-26 20:58:08.196 - INFO: <epoch:1546, iter:  77,300> l_pix: 8.2331e-04 
25-12-26 20:58:26.410 - INFO: <epoch:1548, iter:  77,400> l_pix: 6.7083e-04 
25-12-26 20:58:44.753 - INFO: <epoch:1550, iter:  77,500> l_pix: 6.3779e-04 
25-12-26 20:59:02.974 - INFO: <epoch:1552, iter:  77,600> l_pix: 6.2906e-04 
25-12-26 20:59:21.179 - INFO: <epoch:1554, iter:  77,700> l_pix: 8.4340e-04 
25-12-26 20:59:39.557 - INFO: <epoch:1556, iter:  77,800> l_pix: 5.0632e-04 
25-12-26 20:59:57.902 - INFO: <epoch:1558, iter:  77,900> l_pix: 9.6107e-04 
25-12-26 21:00:16.059 - INFO: <epoch:1560, iter:  78,000> l_pix: 1.0995e-03 
25-12-26 21:00:43.053 - INFO: <epoch:1562, iter:  78,100> l_pix: 7.6296e-04 
25-12-26 21:01:01.424 - INFO: <epoch:1564, iter:  78,200> l_pix: 7.3281e-04 
25-12-26 21:01:19.549 - INFO: <epoch:1566, iter:  78,300> l_pix: 7.7670e-04 
25-12-26 21:01:37.990 - INFO: <epoch:1568, iter:  78,400> l_pix: 5.7237e-04 
25-12-26 21:01:56.268 - INFO: <epoch:1570, iter:  78,500> l_pix: 7.0571e-04 
25-12-26 21:02:14.519 - INFO: <epoch:1572, iter:  78,600> l_pix: 6.8158e-04 
25-12-26 21:02:32.869 - INFO: <epoch:1574, iter:  78,700> l_pix: 7.5744e-04 
25-12-26 21:02:51.209 - INFO: <epoch:1576, iter:  78,800> l_pix: 7.9065e-04 
25-12-26 21:03:09.555 - INFO: <epoch:1578, iter:  78,900> l_pix: 6.1680e-04 
25-12-26 21:03:27.826 - INFO: <epoch:1580, iter:  79,000> l_pix: 1.1406e-03 
25-12-26 21:03:54.846 - INFO: <epoch:1582, iter:  79,100> l_pix: 5.4664e-04 
25-12-26 21:04:13.191 - INFO: <epoch:1584, iter:  79,200> l_pix: 4.8523e-04 
25-12-26 21:04:31.671 - INFO: <epoch:1586, iter:  79,300> l_pix: 6.9795e-04 
25-12-26 21:04:49.878 - INFO: <epoch:1588, iter:  79,400> l_pix: 9.1273e-04 
25-12-26 21:05:08.230 - INFO: <epoch:1590, iter:  79,500> l_pix: 6.9900e-04 
25-12-26 21:05:26.559 - INFO: <epoch:1592, iter:  79,600> l_pix: 7.9971e-04 
25-12-26 21:05:44.815 - INFO: <epoch:1594, iter:  79,700> l_pix: 6.0958e-04 
25-12-26 21:06:03.238 - INFO: <epoch:1596, iter:  79,800> l_pix: 9.2373e-04 
25-12-26 21:06:21.489 - INFO: <epoch:1598, iter:  79,900> l_pix: 6.4092e-04 
25-12-26 21:06:40.026 - INFO: <epoch:1600, iter:  80,000> l_pix: 5.6961e-04 
25-12-26 21:06:48.588 - INFO: Saving models and training states.
25-12-26 21:06:53.114 - INFO: Saved model in [experiments/ct_denoise_251226_164507/checkpoint/latest_gen.pth] ...
25-12-26 21:07:11.659 - INFO: <epoch:1602, iter:  80,100> l_pix: 8.1133e-04 
25-12-26 21:07:29.985 - INFO: <epoch:1604, iter:  80,200> l_pix: 6.8533e-04 
25-12-26 21:07:48.184 - INFO: <epoch:1606, iter:  80,300> l_pix: 4.4919e-04 
25-12-26 21:08:06.431 - INFO: <epoch:1608, iter:  80,400> l_pix: 5.2294e-04 
25-12-26 21:08:24.718 - INFO: <epoch:1610, iter:  80,500> l_pix: 8.1759e-04 
25-12-26 21:08:43.097 - INFO: <epoch:1612, iter:  80,600> l_pix: 5.6241e-04 
25-12-26 21:09:01.372 - INFO: <epoch:1614, iter:  80,700> l_pix: 6.0552e-04 
25-12-26 21:09:19.572 - INFO: <epoch:1616, iter:  80,800> l_pix: 6.7808e-04 
25-12-26 21:09:37.858 - INFO: <epoch:1618, iter:  80,900> l_pix: 7.4229e-04 
25-12-26 21:09:56.142 - INFO: <epoch:1620, iter:  81,000> l_pix: 8.8431e-04 
25-12-26 21:10:22.972 - INFO: <epoch:1622, iter:  81,100> l_pix: 7.5812e-04 
25-12-26 21:10:41.332 - INFO: <epoch:1624, iter:  81,200> l_pix: 5.5610e-04 
25-12-26 21:10:59.616 - INFO: <epoch:1626, iter:  81,300> l_pix: 6.7354e-04 
25-12-26 21:11:17.870 - INFO: <epoch:1628, iter:  81,400> l_pix: 6.5195e-04 
25-12-26 21:11:36.108 - INFO: <epoch:1630, iter:  81,500> l_pix: 8.1902e-04 
25-12-26 21:11:54.358 - INFO: <epoch:1632, iter:  81,600> l_pix: 6.0831e-04 
25-12-26 21:12:12.587 - INFO: <epoch:1634, iter:  81,700> l_pix: 7.6901e-04 
25-12-26 21:12:30.940 - INFO: <epoch:1636, iter:  81,800> l_pix: 7.1856e-04 
25-12-26 21:12:49.319 - INFO: <epoch:1638, iter:  81,900> l_pix: 7.8258e-04 
25-12-26 21:13:07.631 - INFO: <epoch:1640, iter:  82,000> l_pix: 9.4905e-04 
25-12-26 21:13:34.583 - INFO: <epoch:1642, iter:  82,100> l_pix: 6.7030e-04 
25-12-26 21:13:52.851 - INFO: <epoch:1644, iter:  82,200> l_pix: 1.0043e-03 
25-12-26 21:14:11.278 - INFO: <epoch:1646, iter:  82,300> l_pix: 6.9373e-04 
25-12-26 21:14:29.499 - INFO: <epoch:1648, iter:  82,400> l_pix: 7.3546e-04 
25-12-26 21:14:47.683 - INFO: <epoch:1650, iter:  82,500> l_pix: 8.1407e-04 
25-12-26 21:15:06.004 - INFO: <epoch:1652, iter:  82,600> l_pix: 5.5427e-04 
25-12-26 21:15:24.155 - INFO: <epoch:1654, iter:  82,700> l_pix: 4.3955e-04 
25-12-26 21:15:42.555 - INFO: <epoch:1656, iter:  82,800> l_pix: 8.6995e-04 
25-12-26 21:16:00.845 - INFO: <epoch:1658, iter:  82,900> l_pix: 6.3820e-04 
25-12-26 21:16:19.005 - INFO: <epoch:1660, iter:  83,000> l_pix: 8.0542e-04 
25-12-26 21:16:45.992 - INFO: <epoch:1662, iter:  83,100> l_pix: 8.6745e-04 
25-12-26 21:17:04.294 - INFO: <epoch:1664, iter:  83,200> l_pix: 6.1821e-04 
25-12-26 21:17:22.755 - INFO: <epoch:1666, iter:  83,300> l_pix: 5.2601e-04 
25-12-26 21:17:41.420 - INFO: <epoch:1668, iter:  83,400> l_pix: 7.3442e-04 
25-12-26 21:17:59.794 - INFO: <epoch:1670, iter:  83,500> l_pix: 8.7200e-04 
25-12-26 21:18:18.151 - INFO: <epoch:1672, iter:  83,600> l_pix: 6.5664e-04 
25-12-26 21:18:36.422 - INFO: <epoch:1674, iter:  83,700> l_pix: 6.5314e-04 
25-12-26 21:18:54.620 - INFO: <epoch:1676, iter:  83,800> l_pix: 5.6009e-04 
25-12-26 21:19:13.034 - INFO: <epoch:1678, iter:  83,900> l_pix: 5.7456e-04 
25-12-26 21:19:31.305 - INFO: <epoch:1680, iter:  84,000> l_pix: 7.8545e-04 
25-12-26 21:19:58.095 - INFO: <epoch:1682, iter:  84,100> l_pix: 5.5861e-04 
25-12-26 21:20:16.369 - INFO: <epoch:1684, iter:  84,200> l_pix: 7.8606e-04 
25-12-26 21:20:34.676 - INFO: <epoch:1686, iter:  84,300> l_pix: 8.5801e-04 
25-12-26 21:20:52.946 - INFO: <epoch:1688, iter:  84,400> l_pix: 6.5975e-04 
25-12-26 21:21:11.317 - INFO: <epoch:1690, iter:  84,500> l_pix: 6.3017e-04 
25-12-26 21:21:29.553 - INFO: <epoch:1692, iter:  84,600> l_pix: 1.1471e-03 
25-12-26 21:21:47.857 - INFO: <epoch:1694, iter:  84,700> l_pix: 4.7225e-04 
25-12-26 21:22:06.174 - INFO: <epoch:1696, iter:  84,800> l_pix: 7.8624e-04 
25-12-26 21:22:24.265 - INFO: <epoch:1698, iter:  84,900> l_pix: 5.7875e-04 
25-12-26 21:22:42.523 - INFO: <epoch:1700, iter:  85,000> l_pix: 8.9311e-04 
25-12-26 21:23:09.456 - INFO: <epoch:1702, iter:  85,100> l_pix: 6.5971e-04 
25-12-26 21:23:27.748 - INFO: <epoch:1704, iter:  85,200> l_pix: 1.0165e-03 
25-12-26 21:23:45.952 - INFO: <epoch:1706, iter:  85,300> l_pix: 9.7079e-04 
25-12-26 21:24:04.245 - INFO: <epoch:1708, iter:  85,400> l_pix: 7.2345e-04 
25-12-26 21:24:22.450 - INFO: <epoch:1710, iter:  85,500> l_pix: 7.0714e-04 
25-12-26 21:24:40.955 - INFO: <epoch:1712, iter:  85,600> l_pix: 6.6810e-04 
25-12-26 21:24:59.164 - INFO: <epoch:1714, iter:  85,700> l_pix: 7.3044e-04 
25-12-26 21:25:17.467 - INFO: <epoch:1716, iter:  85,800> l_pix: 8.2671e-04 
25-12-26 21:25:35.873 - INFO: <epoch:1718, iter:  85,900> l_pix: 9.5511e-04 
25-12-26 21:25:54.049 - INFO: <epoch:1720, iter:  86,000> l_pix: 7.1504e-04 
25-12-26 21:26:20.990 - INFO: <epoch:1722, iter:  86,100> l_pix: 6.3152e-04 
25-12-26 21:26:39.382 - INFO: <epoch:1724, iter:  86,200> l_pix: 8.7732e-04 
25-12-26 21:26:57.660 - INFO: <epoch:1726, iter:  86,300> l_pix: 7.5801e-04 
25-12-26 21:27:15.852 - INFO: <epoch:1728, iter:  86,400> l_pix: 8.9740e-04 
25-12-26 21:27:34.199 - INFO: <epoch:1730, iter:  86,500> l_pix: 1.1588e-03 
25-12-26 21:27:52.409 - INFO: <epoch:1732, iter:  86,600> l_pix: 5.0306e-04 
25-12-26 21:28:10.726 - INFO: <epoch:1734, iter:  86,700> l_pix: 9.2698e-04 
25-12-26 21:28:29.047 - INFO: <epoch:1736, iter:  86,800> l_pix: 9.8826e-04 
25-12-26 21:28:47.424 - INFO: <epoch:1738, iter:  86,900> l_pix: 5.5188e-04 
25-12-26 21:29:05.741 - INFO: <epoch:1740, iter:  87,000> l_pix: 9.3352e-04 
25-12-26 21:29:32.570 - INFO: <epoch:1742, iter:  87,100> l_pix: 7.1980e-04 
25-12-26 21:29:50.866 - INFO: <epoch:1744, iter:  87,200> l_pix: 1.0715e-03 
25-12-26 21:30:09.165 - INFO: <epoch:1746, iter:  87,300> l_pix: 1.0695e-03 
25-12-26 21:30:27.347 - INFO: <epoch:1748, iter:  87,400> l_pix: 1.1035e-03 
25-12-26 21:30:45.570 - INFO: <epoch:1750, iter:  87,500> l_pix: 7.6838e-04 
25-12-26 21:31:03.849 - INFO: <epoch:1752, iter:  87,600> l_pix: 8.2344e-04 
25-12-26 21:31:22.048 - INFO: <epoch:1754, iter:  87,700> l_pix: 5.1688e-04 
25-12-26 21:31:40.328 - INFO: <epoch:1756, iter:  87,800> l_pix: 6.0834e-04 
25-12-26 21:31:58.507 - INFO: <epoch:1758, iter:  87,900> l_pix: 7.3440e-04 
25-12-26 21:32:16.863 - INFO: <epoch:1760, iter:  88,000> l_pix: 8.4033e-04 
25-12-26 21:32:43.727 - INFO: <epoch:1762, iter:  88,100> l_pix: 8.2878e-04 
25-12-26 21:33:01.993 - INFO: <epoch:1764, iter:  88,200> l_pix: 4.8458e-04 
25-12-26 21:33:20.111 - INFO: <epoch:1766, iter:  88,300> l_pix: 6.6719e-04 
25-12-26 21:33:38.458 - INFO: <epoch:1768, iter:  88,400> l_pix: 5.3024e-04 
25-12-26 21:33:56.733 - INFO: <epoch:1770, iter:  88,500> l_pix: 8.0087e-04 
25-12-26 21:34:15.062 - INFO: <epoch:1772, iter:  88,600> l_pix: 1.1049e-03 
25-12-26 21:34:33.353 - INFO: <epoch:1774, iter:  88,700> l_pix: 5.2394e-04 
25-12-26 21:34:51.521 - INFO: <epoch:1776, iter:  88,800> l_pix: 6.2879e-04 
25-12-26 21:35:09.823 - INFO: <epoch:1778, iter:  88,900> l_pix: 1.3977e-03 
25-12-26 21:35:27.923 - INFO: <epoch:1780, iter:  89,000> l_pix: 6.6033e-04 
25-12-26 21:35:54.945 - INFO: <epoch:1782, iter:  89,100> l_pix: 5.1858e-04 
25-12-26 21:36:13.379 - INFO: <epoch:1784, iter:  89,200> l_pix: 4.5413e-04 
25-12-26 21:36:31.736 - INFO: <epoch:1786, iter:  89,300> l_pix: 8.0194e-04 
25-12-26 21:36:50.001 - INFO: <epoch:1788, iter:  89,400> l_pix: 4.3755e-04 
25-12-26 21:37:08.280 - INFO: <epoch:1790, iter:  89,500> l_pix: 1.0776e-03 
25-12-26 21:37:26.550 - INFO: <epoch:1792, iter:  89,600> l_pix: 6.4250e-04 
25-12-26 21:37:44.878 - INFO: <epoch:1794, iter:  89,700> l_pix: 8.2724e-04 
25-12-26 21:38:03.074 - INFO: <epoch:1796, iter:  89,800> l_pix: 7.4500e-04 
25-12-26 21:38:21.298 - INFO: <epoch:1798, iter:  89,900> l_pix: 8.8989e-04 
25-12-26 21:38:39.627 - INFO: <epoch:1800, iter:  90,000> l_pix: 5.9728e-04 
25-12-26 21:38:48.208 - INFO: Saving models and training states.
25-12-26 21:38:52.662 - INFO: Saved model in [experiments/ct_denoise_251226_164507/checkpoint/latest_gen.pth] ...
25-12-26 21:39:11.192 - INFO: <epoch:1802, iter:  90,100> l_pix: 1.0908e-03 
25-12-26 21:39:29.305 - INFO: <epoch:1804, iter:  90,200> l_pix: 7.3865e-04 
25-12-26 21:39:47.484 - INFO: <epoch:1806, iter:  90,300> l_pix: 5.6085e-04 
25-12-26 21:40:05.693 - INFO: <epoch:1808, iter:  90,400> l_pix: 1.0234e-03 
25-12-26 21:40:23.841 - INFO: <epoch:1810, iter:  90,500> l_pix: 7.1655e-04 
25-12-26 21:40:42.276 - INFO: <epoch:1812, iter:  90,600> l_pix: 5.4474e-04 
25-12-26 21:41:00.463 - INFO: <epoch:1814, iter:  90,700> l_pix: 5.1973e-04 
25-12-26 21:41:18.779 - INFO: <epoch:1816, iter:  90,800> l_pix: 5.1529e-04 
25-12-26 21:41:37.236 - INFO: <epoch:1818, iter:  90,900> l_pix: 8.3218e-04 
25-12-26 21:41:55.358 - INFO: <epoch:1820, iter:  91,000> l_pix: 8.5162e-04 
25-12-26 21:42:22.199 - INFO: <epoch:1822, iter:  91,100> l_pix: 8.0607e-04 
25-12-26 21:42:40.596 - INFO: <epoch:1824, iter:  91,200> l_pix: 7.3525e-04 
25-12-26 21:42:58.839 - INFO: <epoch:1826, iter:  91,300> l_pix: 9.5606e-04 
25-12-26 21:43:17.087 - INFO: <epoch:1828, iter:  91,400> l_pix: 7.0205e-04 
25-12-26 21:43:35.313 - INFO: <epoch:1830, iter:  91,500> l_pix: 7.7357e-04 
25-12-26 21:43:53.462 - INFO: <epoch:1832, iter:  91,600> l_pix: 7.1536e-04 
25-12-26 21:44:11.934 - INFO: <epoch:1834, iter:  91,700> l_pix: 7.1399e-04 
25-12-26 21:44:30.159 - INFO: <epoch:1836, iter:  91,800> l_pix: 8.8355e-04 
25-12-26 21:44:49.135 - INFO: <epoch:1838, iter:  91,900> l_pix: 5.5926e-04 
25-12-26 21:45:07.498 - INFO: <epoch:1840, iter:  92,000> l_pix: 8.3075e-04 
25-12-26 21:45:34.364 - INFO: <epoch:1842, iter:  92,100> l_pix: 7.9675e-04 
25-12-26 21:45:52.739 - INFO: <epoch:1844, iter:  92,200> l_pix: 8.8895e-04 
25-12-26 21:46:11.201 - INFO: <epoch:1846, iter:  92,300> l_pix: 4.3462e-04 
25-12-26 21:46:29.362 - INFO: <epoch:1848, iter:  92,400> l_pix: 6.7586e-04 
25-12-26 21:46:47.794 - INFO: <epoch:1850, iter:  92,500> l_pix: 7.4107e-04 
25-12-26 21:47:06.130 - INFO: <epoch:1852, iter:  92,600> l_pix: 5.5577e-04 
25-12-26 21:47:24.294 - INFO: <epoch:1854, iter:  92,700> l_pix: 7.4835e-04 
25-12-26 21:47:42.700 - INFO: <epoch:1856, iter:  92,800> l_pix: 6.4401e-04 
25-12-26 21:48:01.066 - INFO: <epoch:1858, iter:  92,900> l_pix: 8.1365e-04 
25-12-26 21:48:19.282 - INFO: <epoch:1860, iter:  93,000> l_pix: 1.0669e-03 
25-12-26 21:48:46.282 - INFO: <epoch:1862, iter:  93,100> l_pix: 6.5003e-04 
25-12-26 21:49:04.527 - INFO: <epoch:1864, iter:  93,200> l_pix: 6.6826e-04 
25-12-26 21:49:22.732 - INFO: <epoch:1866, iter:  93,300> l_pix: 6.7062e-04 
25-12-26 21:49:41.031 - INFO: <epoch:1868, iter:  93,400> l_pix: 9.0499e-04 
25-12-26 21:49:59.201 - INFO: <epoch:1870, iter:  93,500> l_pix: 8.7935e-04 
25-12-26 21:50:17.571 - INFO: <epoch:1872, iter:  93,600> l_pix: 6.8879e-04 
25-12-26 21:50:35.858 - INFO: <epoch:1874, iter:  93,700> l_pix: 6.7236e-04 
25-12-26 21:50:54.140 - INFO: <epoch:1876, iter:  93,800> l_pix: 6.5855e-04 
25-12-26 21:51:12.483 - INFO: <epoch:1878, iter:  93,900> l_pix: 7.4587e-04 
25-12-26 21:51:30.623 - INFO: <epoch:1880, iter:  94,000> l_pix: 8.3006e-04 
25-12-26 21:51:57.483 - INFO: <epoch:1882, iter:  94,100> l_pix: 5.0229e-04 
25-12-26 21:52:15.912 - INFO: <epoch:1884, iter:  94,200> l_pix: 8.6099e-04 
25-12-26 21:52:34.204 - INFO: <epoch:1886, iter:  94,300> l_pix: 7.1641e-04 
25-12-26 21:52:52.363 - INFO: <epoch:1888, iter:  94,400> l_pix: 9.9678e-04 
25-12-26 21:53:10.618 - INFO: <epoch:1890, iter:  94,500> l_pix: 6.0262e-04 
25-12-26 21:53:28.810 - INFO: <epoch:1892, iter:  94,600> l_pix: 4.8639e-04 
25-12-26 21:53:47.341 - INFO: <epoch:1894, iter:  94,700> l_pix: 5.1856e-04 
25-12-26 21:54:05.772 - INFO: <epoch:1896, iter:  94,800> l_pix: 8.4405e-04 
25-12-26 21:54:23.943 - INFO: <epoch:1898, iter:  94,900> l_pix: 7.0944e-04 
25-12-26 21:54:42.469 - INFO: <epoch:1900, iter:  95,000> l_pix: 5.9840e-04 
25-12-26 21:55:09.354 - INFO: <epoch:1902, iter:  95,100> l_pix: 4.7910e-04 
25-12-26 21:55:27.453 - INFO: <epoch:1904, iter:  95,200> l_pix: 1.0174e-03 
25-12-26 21:55:45.785 - INFO: <epoch:1906, iter:  95,300> l_pix: 1.0616e-03 
25-12-26 21:56:04.076 - INFO: <epoch:1908, iter:  95,400> l_pix: 6.2477e-04 
25-12-26 21:56:22.302 - INFO: <epoch:1910, iter:  95,500> l_pix: 7.9248e-04 
25-12-26 21:56:40.713 - INFO: <epoch:1912, iter:  95,600> l_pix: 6.7020e-04 
25-12-26 21:56:58.883 - INFO: <epoch:1914, iter:  95,700> l_pix: 1.0810e-03 
25-12-26 21:57:17.499 - INFO: <epoch:1916, iter:  95,800> l_pix: 6.4080e-04 
25-12-26 21:57:35.976 - INFO: <epoch:1918, iter:  95,900> l_pix: 3.9777e-04 
25-12-26 21:57:54.189 - INFO: <epoch:1920, iter:  96,000> l_pix: 9.3717e-04 
25-12-26 21:58:21.077 - INFO: <epoch:1922, iter:  96,100> l_pix: 6.7339e-04 
25-12-26 21:58:40.234 - INFO: <epoch:1924, iter:  96,200> l_pix: 6.6933e-04 
25-12-26 21:58:58.350 - INFO: <epoch:1926, iter:  96,300> l_pix: 6.3944e-04 
25-12-26 21:59:16.725 - INFO: <epoch:1928, iter:  96,400> l_pix: 6.6065e-04 
25-12-26 21:59:34.978 - INFO: <epoch:1930, iter:  96,500> l_pix: 7.7046e-04 
25-12-26 21:59:53.555 - INFO: <epoch:1932, iter:  96,600> l_pix: 6.4555e-04 
25-12-26 22:00:12.842 - INFO: <epoch:1934, iter:  96,700> l_pix: 9.4681e-04 
25-12-26 22:00:31.290 - INFO: <epoch:1936, iter:  96,800> l_pix: 9.4552e-04 
25-12-26 22:00:50.893 - INFO: <epoch:1938, iter:  96,900> l_pix: 1.2219e-03 
25-12-26 22:01:09.400 - INFO: <epoch:1940, iter:  97,000> l_pix: 5.1812e-04 
25-12-26 22:01:37.842 - INFO: <epoch:1942, iter:  97,100> l_pix: 9.1256e-04 
25-12-26 22:01:56.632 - INFO: <epoch:1944, iter:  97,200> l_pix: 7.3183e-04 
25-12-26 22:02:15.780 - INFO: <epoch:1946, iter:  97,300> l_pix: 5.9427e-04 
25-12-26 22:02:35.336 - INFO: <epoch:1948, iter:  97,400> l_pix: 9.3177e-04 
25-12-26 22:02:53.935 - INFO: <epoch:1950, iter:  97,500> l_pix: 5.9457e-04 
25-12-26 22:03:13.701 - INFO: <epoch:1952, iter:  97,600> l_pix: 7.9232e-04 
25-12-26 22:03:34.072 - INFO: <epoch:1954, iter:  97,700> l_pix: 7.1217e-04 
25-12-26 22:03:52.948 - INFO: <epoch:1956, iter:  97,800> l_pix: 4.3629e-04 
25-12-26 22:04:11.169 - INFO: <epoch:1958, iter:  97,900> l_pix: 9.6165e-04 
25-12-26 22:04:29.264 - INFO: <epoch:1960, iter:  98,000> l_pix: 6.5512e-04 
25-12-26 22:04:56.326 - INFO: <epoch:1962, iter:  98,100> l_pix: 7.0719e-04 
25-12-26 22:05:14.656 - INFO: <epoch:1964, iter:  98,200> l_pix: 5.5834e-04 
25-12-26 22:05:33.163 - INFO: <epoch:1966, iter:  98,300> l_pix: 6.3960e-04 
25-12-26 22:05:53.369 - INFO: <epoch:1968, iter:  98,400> l_pix: 8.2151e-04 
25-12-26 22:06:12.263 - INFO: <epoch:1970, iter:  98,500> l_pix: 5.6216e-04 
25-12-26 22:06:31.324 - INFO: <epoch:1972, iter:  98,600> l_pix: 6.6915e-04 
25-12-26 22:06:49.762 - INFO: <epoch:1974, iter:  98,700> l_pix: 6.4402e-04 
25-12-26 22:07:08.537 - INFO: <epoch:1976, iter:  98,800> l_pix: 6.5752e-04 
25-12-26 22:07:27.293 - INFO: <epoch:1978, iter:  98,900> l_pix: 3.9240e-04 
25-12-26 22:07:46.437 - INFO: <epoch:1980, iter:  99,000> l_pix: 5.3515e-04 
25-12-26 22:08:16.489 - INFO: <epoch:1982, iter:  99,100> l_pix: 5.1218e-04 
25-12-26 22:08:35.463 - INFO: <epoch:1984, iter:  99,200> l_pix: 6.8982e-04 
25-12-26 22:08:53.949 - INFO: <epoch:1986, iter:  99,300> l_pix: 1.0142e-03 
25-12-26 22:09:12.465 - INFO: <epoch:1988, iter:  99,400> l_pix: 8.0982e-04 
25-12-26 22:09:31.077 - INFO: <epoch:1990, iter:  99,500> l_pix: 8.7498e-04 
25-12-26 22:09:52.005 - INFO: <epoch:1992, iter:  99,600> l_pix: 9.0701e-04 
25-12-26 22:10:10.729 - INFO: <epoch:1994, iter:  99,700> l_pix: 6.5870e-04 
25-12-26 22:10:29.584 - INFO: <epoch:1996, iter:  99,800> l_pix: 9.0991e-04 
25-12-26 22:10:48.501 - INFO: <epoch:1998, iter:  99,900> l_pix: 5.4425e-04 
25-12-26 22:11:06.954 - INFO: <epoch:2000, iter: 100,000> l_pix: 8.8631e-04 
25-12-26 22:11:15.598 - INFO: Saving models and training states.
25-12-26 22:11:20.096 - INFO: Saved model in [experiments/ct_denoise_251226_164507/checkpoint/latest_gen.pth] ...
25-12-26 22:11:20.143 - INFO: End of training.
