26-01-14 15:14:16.385 - INFO:   name: ct_denoise
  phase: train
  gpu_ids: [0]
  path:[
    log: experiments/ct_denoise_260114_151416/logs
    tb_logger: experiments/ct_denoise_260114_151416/tb_logger
    results: experiments/ct_denoise_260114_151416/results
    checkpoint: experiments/ct_denoise_260114_151416/checkpoint
    resume_state: None
    experiments_root: experiments/ct_denoise_260114_151416
  ]
  datasets:[
    train:[
      name: ct
      dataroot: /host/d/file/fixedCT_static_simulation_train_test_gaussian_local.xlsx
      data_root: /host/d/file/simulation/
      train_batches: [5]
      val_batches: [5]
      volume_mask: [1, 2]
      slice_range: [30, 80]
      phase: train
      padding: 3
      val_volume_idx: all
      val_slice_idx: 25
      batch_size: 1
      in_channel: 1
      num_workers: 4
      use_shuffle: True
      image_size: 512
      lr_flip: 0.5
      HU_MIN: -1000.0
      HU_MAX: 2000.0
      histogram_equalization: True
      bins_file: /host/d/file/histogram_equalization/bins.npy
      bins_mapped_file: /host/d/file/histogram_equalization/bins_mapped.npy
      teacher_n2n_root: /host/d/file/pre/noise2noise/pred_images/
      teacher_n2n_epoch: 78
    ]
    val:[
      name: ct
      dataroot: /host/d/file/fixedCT_static_simulation_train_test_gaussian_local.xlsx
      data_root: /host/d/file/simulation/
      train_batches: [5]
      val_batches: [5]
      volume_mask: [1, 2]
      slice_range: [30, 80]
      phase: val
      padding: 3
      val_volume_idx: all
      val_slice_idx: 25
      batch_size: 1
      in_channel: 1
      num_workers: 0
      image_size: 512
      lr_flip: 0.0
      HU_MIN: -1000.0
      HU_MAX: 2000.0
      histogram_equalization: True
      bins_file: /host/d/file/histogram_equalization/bins.npy
      bins_mapped_file: /host/d/file/histogram_equalization/bins_mapped.npy
      teacher_n2n_root: /host/d/file/pre/noise2noise/pred_images/
      teacher_n2n_epoch: 78
      data_len: 3
    ]
  ]
  model:[
    which_model_G: mri
    finetune_norm: False
    drop_rate: 0.0
    unet:[
      in_channel: 1
      out_channel: 1
      inner_channel: 32
      norm_groups: 32
      channel_multiplier: [1, 2, 4, 8, 8]
      attn_res: [16]
      res_blocks: 2
      dropout: 0.0
      version: v1
    ]
    beta_schedule:[
      train:[
        schedule: rev_warmup70
        n_timestep: 1000
        linear_start: 5e-05
        linear_end: 0.01
      ]
      val:[
        schedule: rev_warmup70
        n_timestep: 1000
        linear_start: 5e-05
        linear_end: 0.01
      ]
    ]
    diffusion:[
      image_size: 512
      channels: 1
      conditional: True
    ]
  ]
  train:[
    n_iter: 100000
    val_freq: 1000
    save_checkpoint_freq: 10000
    print_freq: 100
    optimizer:[
      type: adam
      lr: 0.0001
    ]
    ema_scheduler:[
      step_start_ema: 5000
      update_ema_every: 1
      ema_decay: 0.9999
    ]
  ]
  noise_model:[
    resume_state: None
    initial_stage_file: None
    drop_rate: 0.0
    unet:[
      in_channel: 2
      out_channel: 1
      inner_channel: 32
      norm_groups: 32
      channel_multiplier: [1, 2, 4, 8, 8]
      attn_res: [16]
      res_blocks: 2
      dropout: 0.0
      version: v1
    ]
    beta_schedule:[
      linear_start: 5e-05
      linear_end: 0.01
    ]
    n_iter: 50000
    val_freq: 2000
    save_checkpoint_freq: 10000
    print_freq: 100
    optimizer:[
      type: adam
      lr: 0.0001
    ]
  ]
  stage2_file: experiments/ct_denoise_teacher/stage2_matched.txt
  distributed: False

26-01-14 15:14:19.035 - INFO: CT dataset [ct] is created. Size: 50
26-01-14 15:14:21.394 - INFO: CT dataset [ct] is created. Size: 1
26-01-14 15:14:21.394 - INFO: Initial Dataset Finished
26-01-14 15:14:22.549 - INFO: Initialization method [orthogonal]
26-01-14 15:14:23.196 - INFO: [DDM2] is created.
26-01-14 15:14:23.197 - INFO: Initial Model Finished
26-01-14 15:14:52.241 - INFO: <epoch:  2, iter:     100> l_pix: 1.1616e-02 
26-01-14 15:15:11.863 - INFO: <epoch:  4, iter:     200> l_pix: 2.0045e-02 
26-01-14 15:15:29.537 - INFO: <epoch:  6, iter:     300> l_pix: 9.1536e-03 
